#
# A fatal error has been detected by the Java Runtime Environment:
#
#  EXCEPTION_ACCESS_VIOLATION (0xc0000005) at pc=0x000000007322c750, pid=10572, tid=10952
#
# JRE version: 6.0_17-b04
# Java VM: Java HotSpot(TM) 64-Bit Server VM (14.3-b01 mixed mode windows-amd64 )
# Problematic frame:
# C  [awt.dll+0xdc750]
#
# If you would like to submit a bug report, please visit:
#   http://java.sun.com/webapps/bugreport/crash.jsp
# The crash happened outside the Java Virtual Machine in native code.
# See problematic frame for where to report the bug.
#

---------------  T H R E A D  ---------------

Current thread (0x00000000372e6800):  JavaThread "AWT-EventQueue-0" [_thread_in_native, id=10952, stack(0x0000000031330000,0x00000000313b0000)]

siginfo: ExceptionCode=0xc0000005, reading address 0x0000000000000008

Registers:
EAX=0x000000000000000d, EBX=0x00000000372e69b8, ECX=0x0000000000000000, EDX=0x000000003101058c
ESP=0x00000000313ae3e8, EBP=0x000000004626e340, ESI=0x00000000372e69b8, EDI=0x00000000312c3a50
EIP=0x000000007322c750, EFLAGS=0x0000000000010202

Top of Stack: (sp=0x00000000313ae3e8)
0x00000000313ae3e8:   00000000731d589c 0000000000000000
0x00000000313ae3f8:   00000000372e69b8 000000004626e340
0x00000000313ae408:   00000000372e69b8 00000000182e25e0
0x00000000313ae418:   00000000372e69b8 00000000313af340
0x00000000313ae428:   00000000731b3810 00000000372e69b8
0x00000000313ae438:   00000000313aeae0 00000000313aeab8
0x00000000313ae448:   000000004626e340 00000000313ae528
0x00000000313ae458:   00000000731d2151 0000000000000000
0x00000000313ae468:   00000000313aeac0 0000000000000000
0x00000000313ae478:   00000000313aeab8 000000001f6e6768
0x00000000313ae488:   0000000000000007 0000000100000000
0x00000000313ae498:   0000000000000000 0000000000000000
0x00000000313ae4a8:   000000000000001c 0000000000000018
0x00000000313ae4b8:   0000000000000014 0000000000000010
0x00000000313ae4c8:   0000000100000000 000000002016aac8
0x00000000313ae4d8:   00000000182e28f8 00000000294d01b0 

Instructions: (pc=0x000000007322c750)
0x000000007322c740:   48 8b 41 08 48 8b 80 18 0c 00 00 c3 cc cc cc cc
0x000000007322c750:   48 8b 49 08 48 85 c9 74 05 e9 72 f6 fd ff 33 c0 


Stack: [0x0000000031330000,0x00000000313b0000],  sp=0x00000000313ae3e8,  free space=504k
Native frames: (J=compiled Java code, j=interpreted, Vv=VM code, C=native code)
C  [awt.dll+0xdc750]

Java frames: (J=compiled Java code, j=interpreted, Vv=VM code)
J  sun.java2d.windows.GDIBlitLoops.nativeBlit(Lsun/java2d/SurfaceData;Lsun/java2d/SurfaceData;Lsun/java2d/pipe/Region;IIIIIIIIIZ)V
J  sun.java2d.windows.GDIBlitLoops.Blit(Lsun/java2d/SurfaceData;Lsun/java2d/SurfaceData;Ljava/awt/Composite;Lsun/java2d/pipe/Region;IIIIII)V
J  sun.java2d.pipe.DrawImage.renderImageCopy(Lsun/java2d/SunGraphics2D;Ljava/awt/Image;Ljava/awt/Color;IIIIII)Z
J  sun.java2d.pipe.DrawImage.copyImage(Lsun/java2d/SunGraphics2D;Ljava/awt/Image;IILjava/awt/Color;Ljava/awt/image/ImageObserver;)Z
J  javax.swing.RepaintManager$PaintManager.paintDoubleBuffered(Ljavax/swing/JComponent;Ljava/awt/Image;Ljava/awt/Graphics;IIII)V
J  javax.swing.RepaintManager$PaintManager.paint(Ljavax/swing/JComponent;Ljavax/swing/JComponent;Ljava/awt/Graphics;IIII)Z
J  javax.swing.BufferStrategyPaintManager.paint(Ljavax/swing/JComponent;Ljavax/swing/JComponent;Ljava/awt/Graphics;IIII)Z
j  javax.swing.RepaintManager.paint(Ljavax/swing/JComponent;Ljavax/swing/JComponent;Ljava/awt/Graphics;IIII)V+52
J  javax.swing.JComponent.paint(Ljava/awt/Graphics;)V
j  java.awt.GraphicsCallback$PaintCallback.run(Ljava/awt/Component;Ljava/awt/Graphics;)V+2
j  sun.awt.SunGraphicsCallback.runOneComponent(Ljava/awt/Component;Ljava/awt/Rectangle;Ljava/awt/Graphics;Ljava/awt/Shape;I)V+155
j  sun.awt.SunGraphicsCallback.runComponents([Ljava/awt/Component;Ljava/awt/Graphics;I)V+104
j  java.awt.Container.paint(Ljava/awt/Graphics;)V+73
J  javax.swing.RepaintManager.paintDirtyRegions(Ljava/util/Map;)V
j  javax.swing.RepaintManager.paintDirtyRegions()V+46
j  javax.swing.RepaintManager.seqPaintDirtyRegions()V+73
j  javax.swing.SystemEventQueueUtilities$ComponentWorkRequest.run()V+36
J  java.awt.EventDispatchThread.pumpOneEventForFilters(I)Z
J  java.awt.EventDispatchThread.pumpEventsForFilter(ILjava/awt/Conditional;Ljava/awt/EventFilter;)V
j  java.awt.EventDispatchThread.pumpEventsForHierarchy(ILjava/awt/Conditional;Ljava/awt/Component;)V+11
j  java.awt.EventDispatchThread.pumpEvents(ILjava/awt/Conditional;)V+4
j  java.awt.EventDispatchThread.pumpEvents(Ljava/awt/Conditional;)V+3
j  java.awt.EventDispatchThread.run()V+9
v  ~StubRoutines::call_stub

---------------  P R O C E S S  ---------------

Java Threads: ( => current thread )
  0x0000000037861000 JavaThread "Timer queue for AWT thread" daemon [_thread_blocked, id=10976, stack(0x00000000072a0000,0x0000000007320000)]
  0x000000003785a800 JavaThread "Timer-5" [_thread_blocked, id=10724, stack(0x0000000006c60000,0x0000000006ce0000)]
  0x0000000037856800 JavaThread "pool-2-thread-1" [_thread_blocked, id=7828, stack(0x0000000006ad0000,0x0000000006b50000)]
  0x000000003785f800 JavaThread "Code Analyzer updating thread" [_thread_blocked, id=10680, stack(0x00000000413c0000,0x0000000041440000)]
  0x000000003785f000 JavaThread "Code Analyzer updating thread" [_thread_blocked, id=10200, stack(0x000000003fcf0000,0x000000003fd70000)]
  0x000000003785e000 JavaThread "Code Analyzer updating thread" [_thread_blocked, id=9500, stack(0x0000000041320000,0x00000000413a0000)]
  0x000000003785d000 JavaThread "Timer-3" [_thread_blocked, id=8172, stack(0x0000000039f50000,0x0000000039fd0000)]
  0x000000003785a000 JavaThread "Code Analyzer updating thread" [_thread_blocked, id=1476, stack(0x00000000398d0000,0x0000000039950000)]
  0x0000000037859000 JavaThread "Active Reference Queue Daemon" daemon [_thread_blocked, id=5248, stack(0x0000000039b70000,0x0000000039bf0000)]
  0x0000000037858800 JavaThread "Timer-2" daemon [_thread_blocked, id=9516, stack(0x0000000039790000,0x0000000039810000)]
  0x0000000037857800 JavaThread "Timer-1" daemon [_thread_blocked, id=9100, stack(0x0000000039ab0000,0x0000000039b30000)]
  0x0000000037855800 JavaThread "FelixPackageAdmin" daemon [_thread_blocked, id=10784, stack(0x00000000396e0000,0x0000000039760000)]
  0x0000000037855000 JavaThread "FelixStartLevel" daemon [_thread_blocked, id=10436, stack(0x0000000039810000,0x0000000039890000)]
  0x0000000037488000 JavaThread "FelixDispatchQueue" daemon [_thread_blocked, id=8616, stack(0x00000000393a0000,0x0000000039420000)]
  0x0000000036a3d800 JavaThread "TimerQueue" daemon [_thread_blocked, id=8216, stack(0x0000000010fe0000,0x0000000011060000)]
=>0x00000000372e6800 JavaThread "AWT-EventQueue-0" [_thread_in_native, id=10952, stack(0x0000000031330000,0x00000000313b0000)]
  0x0000000031231800 JavaThread "AWT-Shutdown" [_thread_blocked, id=10596, stack(0x0000000038520000,0x00000000385a0000)]
  0x000000003719a800 JavaThread "com.google.common.base.internal.Finalizer" daemon [_thread_blocked, id=8704, stack(0x00000000126d0000,0x0000000012750000)]
  0x000000003718f800 JavaThread "AWT-Windows" daemon [_thread_in_native, id=6716, stack(0x000000002cf80000,0x000000002d000000)]
  0x0000000037187000 JavaThread "Java2D Disposer" daemon [_thread_blocked, id=6880, stack(0x0000000012620000,0x00000000126a0000)]
  0x0000000036ab1000 JavaThread "Timer-0" [_thread_blocked, id=9384, stack(0x0000000010f50000,0x0000000010fd0000)]
  0x0000000036a2b000 JavaThread "JMI Unnamed Thread" [_thread_in_native, id=9292, stack(0x000000000a540000,0x000000000ba40000)]
  0x0000000031207000 JavaThread "Low Memory Detector" daemon [_thread_blocked, id=7144, stack(0x000000000d0b0000,0x000000000d130000)]
  0x0000000031205800 JavaThread "CompilerThread1" daemon [_thread_blocked, id=3896, stack(0x0000000033e90000,0x0000000035390000)]
  0x00000000311b4000 JavaThread "CompilerThread0" daemon [_thread_blocked, id=7056, stack(0x0000000032990000,0x0000000033e90000)]
  0x00000000311b3000 JavaThread "Attach Listener" daemon [_thread_blocked, id=4596, stack(0x000000000a4c0000,0x000000000a540000)]
  0x000000003119b800 JavaThread "Finalizer" daemon [_thread_blocked, id=3052, stack(0x00000000079a0000,0x0000000007a20000)]
  0x000000000226b800 JavaThread "Reference Handler" daemon [_thread_blocked, id=10880, stack(0x00000000078e0000,0x0000000007960000)]
  0x00000000021b2800 JavaThread "main" [_thread_in_native, id=5024, stack(0x0000000000200000,0x0000000001700000)]

Other Threads:
  0x0000000031192800 VMThread [stack: 0x0000000031410000,0x0000000032910000] [id=10300]
  0x0000000031232800 WatcherThread [stack: 0x00000000353a0000,0x00000000368a0000] [id=10392]

VM state:not at safepoint (normal execution)

VM Mutex/Monitor currently owned by a thread: None

Heap
 PSYoungGen      total 23424K, used 15543K [0x0000000028880000, 0x000000002a630000, 0x000000002b980000)
  eden space 20672K, 61% used [0x0000000028880000,0x0000000029502358,0x0000000029cb0000)
  from space 2752K, 99% used [0x0000000029d30000,0x0000000029fdbb48,0x0000000029fe0000)
  to   space 4864K, 0% used [0x000000002a170000,0x000000002a170000,0x000000002a630000)
 PSOldGen        total 110016K, used 97425K [0x000000001f580000, 0x00000000260f0000, 0x0000000028880000)
  object space 110016K, 88% used [0x000000001f580000,0x00000000254a47f0,0x00000000260f0000)
 PSPermGen       total 85824K, used 64466K [0x0000000017580000, 0x000000001c950000, 0x000000001f580000)
  object space 85824K, 75% used [0x0000000017580000,0x000000001b474b90,0x000000001c950000)

Dynamic libraries:
0x000000013fe80000 - 0x000000013fea9000 	C:\Program Files\MATLAB\R2011a\bin\win64\MATLAB.exe
0x0000000076f70000 - 0x000000007711c000 	C:\Windows\SYSTEM32\ntdll.dll
0x0000000076d50000 - 0x0000000076e6f000 	C:\Windows\system32\kernel32.dll
0x000007fefd060000 - 0x000007fefd0cc000 	C:\Windows\system32\KERNELBASE.dll
0x0000000074460000 - 0x0000000074569000 	C:\Program Files\MATLAB\R2011a\bin\win64\libut.dll
0x00000000758a0000 - 0x0000000075920000 	C:\Program Files\MATLAB\R2011a\bin\win64\libmwi18n.dll
0x0000000180000000 - 0x000000018000b000 	C:\Program Files\MATLAB\R2011a\bin\win64\libmwresource_core.dll
0x0000000071390000 - 0x0000000071463000 	C:\Windows\WinSxS\amd64_microsoft.vc90.crt_1fc8b3b9a1e18e3b_9.0.30729.6161_none_08e61857a83bc251\MSVCP90.dll
0x00000000712e0000 - 0x0000000071383000 	C:\Windows\WinSxS\amd64_microsoft.vc90.crt_1fc8b3b9a1e18e3b_9.0.30729.6161_none_08e61857a83bc251\MSVCR90.dll
0x000000007a3b0000 - 0x000000007a3c0000 	C:\Program Files\MATLAB\R2011a\bin\win64\boost_date_time-vc90-mt-1_40.dll
0x000000007a170000 - 0x000000007a189000 	C:\Program Files\MATLAB\R2011a\bin\win64\boost_filesystem-vc90-mt-1_40.dll
0x000000007a560000 - 0x000000007a569000 	C:\Program Files\MATLAB\R2011a\bin\win64\boost_system-vc90-mt-1_40.dll
0x000000007a2d0000 - 0x000000007a2e2000 	C:\Program Files\MATLAB\R2011a\bin\win64\boost_thread-vc90-mt-1_40.dll
0x000000007a010000 - 0x000000007a035000 	C:\Program Files\MATLAB\R2011a\bin\win64\LIBEXPAT.dll
0x00000000739d0000 - 0x0000000073b8c000 	C:\Program Files\MATLAB\R2011a\bin\win64\icuin42.dll
0x00000000740b0000 - 0x0000000074223000 	C:\Program Files\MATLAB\R2011a\bin\win64\icuuc42.dll
0x000007fefd620000 - 0x000007fefd6fb000 	C:\Windows\system32\ADVAPI32.dll
0x000007fefd4e0000 - 0x000007fefd57f000 	C:\Windows\system32\msvcrt.dll
0x000007fefda10000 - 0x000007fefda2f000 	C:\Windows\SYSTEM32\sechost.dll
0x000007fefdf00000 - 0x000007fefe02e000 	C:\Windows\system32\RPCRT4.dll
0x0000000010000000 - 0x0000000010f47000 	C:\Program Files\MATLAB\R2011a\bin\win64\icudt42.dll
0x0000000073f70000 - 0x000000007407d000 	C:\Program Files\MATLAB\R2011a\bin\win64\libmwfl.dll
0x0000000001700000 - 0x0000000001793000 	C:\Program Files\MATLAB\R2011a\bin\win64\libmwMATLAB_res.dll
0x000000007a250000 - 0x000000007a263000 	C:\Program Files\MATLAB\R2011a\bin\win64\boost_signals-vc90-mt-1_40.dll
0x0000000000190000 - 0x00000000001d6000 	C:\Program Files\MATLAB\R2011a\bin\win64\tbb.dll
0x000007fefd2a0000 - 0x000007fefd2b7000 	C:\Windows\system32\imagehlp.dll
0x0000000077140000 - 0x0000000077147000 	C:\Windows\system32\PSAPI.DLL
0x000000007a3d0000 - 0x000000007a3e3000 	C:\Program Files\MATLAB\R2011a\bin\win64\icuio42.dll
0x000007fef53c0000 - 0x000007fef54e5000 	C:\Windows\system32\dbghelp.dll
0x0000000076e70000 - 0x0000000076f6a000 	C:\Windows\system32\USER32.dll
0x000007feff020000 - 0x000007feff087000 	C:\Windows\system32\GDI32.dll
0x000007fefdef0000 - 0x000007fefdefe000 	C:\Windows\system32\LPK.dll
0x000007fefdc40000 - 0x000007fefdd0a000 	C:\Windows\system32\USP10.dll
0x000000007bed0000 - 0x000000007c0f5000 	C:\Program Files\MATLAB\R2011a\bin\win64\libmwservices.dll
0x0000000075a20000 - 0x0000000075ab2000 	C:\Program Files\MATLAB\R2011a\bin\win64\libmx.dll
0x000000007a210000 - 0x000000007a226000 	C:\Program Files\MATLAB\R2011a\bin\win64\zlib1.dll
0x0000000074330000 - 0x000000007444b000 	C:\Program Files\MATLAB\R2011a\bin\win64\libmwmathutil.dll
0x0000000071270000 - 0x00000000712c4000 	C:\Program Files\MATLAB\R2011a\bin\win64\mpath.dll
0x000000007b680000 - 0x000000007b982000 	C:\Program Files\MATLAB\R2011a\bin\win64\mlutil.dll
0x0000000070fe0000 - 0x0000000071062000 	C:\Program Files\MATLAB\R2011a\bin\win64\xmlcore.dll
0x000000007bc30000 - 0x000000007be83000 	C:\Program Files\MATLAB\R2011a\bin\win64\xerces-c_2_7.dll
0x000007fefd2c0000 - 0x000007fefd30d000 	C:\Windows\system32\WS2_32.dll
0x000007feff1f0000 - 0x000007feff1f8000 	C:\Windows\system32\NSI.dll
0x000007fefe030000 - 0x000007fefedb6000 	C:\Windows\system32\SHELL32.dll
0x000007feff200000 - 0x000007feff271000 	C:\Windows\system32\SHLWAPI.dll
0x000007fef3da0000 - 0x000007fef3e40000 	C:\Windows\WinSxS\amd64_microsoft.windows.common-controls_6595b64144ccf1df_5.82.7600.16661_none_a44e1fc257f685f6\COMCTL32.dll
0x000007fefd580000 - 0x000007fefd618000 	C:\Windows\system32\COMDLG32.dll
0x000007fefa6e0000 - 0x000007fefa6f6000 	C:\Windows\system32\NETAPI32.dll
0x000007fefa6d0000 - 0x000007fefa6dc000 	C:\Windows\system32\netutils.dll
0x000007fefcb20000 - 0x000007fefcb43000 	C:\Windows\system32\srvcli.dll
0x000007fefa6b0000 - 0x000007fefa6c5000 	C:\Windows\system32\wkscli.dll
0x000007fefda30000 - 0x000007fefdc32000 	C:\Windows\system32\ole32.dll
0x000007fefd820000 - 0x000007fefd8f7000 	C:\Windows\system32\OLEAUT32.dll
0x0000000074970000 - 0x0000000074a34000 	C:\Program Files\MATLAB\R2011a\bin\win64\mcr.dll
0x0000000075000000 - 0x00000000750e4000 	C:\Program Files\MATLAB\R2011a\bin\win64\iqm.dll
0x0000000070770000 - 0x0000000070f0c000 	C:\Program Files\MATLAB\R2011a\bin\win64\m_interpreter.dll
0x0000000071250000 - 0x000000007125f000 	C:\Program Files\MATLAB\R2011a\bin\win64\libmex.dll
0x00000000706c0000 - 0x0000000070764000 	C:\Program Files\MATLAB\R2011a\bin\win64\m_dispatcher.dll
0x0000000074880000 - 0x0000000074945000 	C:\Program Files\MATLAB\R2011a\bin\win64\boost_regex-vc90-mt-1_40.dll
0x00000000705c0000 - 0x000000007063f000 	C:\Program Files\MATLAB\R2011a\bin\win64\profiler.dll
0x0000000079f40000 - 0x0000000079f6c000 	C:\Program Files\MATLAB\R2011a\bin\win64\libmwmathrng.dll
0x0000000070360000 - 0x0000000070380000 	C:\Program Files\MATLAB\R2011a\bin\win64\m_pcodeio.dll
0x0000000079b10000 - 0x0000000079b71000 	C:\Program Files\MATLAB\R2011a\bin\win64\m_ir.dll
0x000000006fd20000 - 0x000000007035b000 	C:\Program Files\MATLAB\R2011a\bin\win64\m_parser.dll
0x000000006fd00000 - 0x000000006fd19000 	C:\Program Files\MATLAB\R2011a\bin\win64\ir_xfmr.dll
0x000000006fab0000 - 0x000000006fcfb000 	C:\Program Files\MATLAB\R2011a\bin\win64\mcos.dll
0x000000006faa0000 - 0x000000006faac000 	C:\Program Files\MATLAB\R2011a\bin\win64\mtok.dll
0x000000006fa70000 - 0x000000006fa9b000 	C:\Program Files\MATLAB\R2011a\bin\win64\m_pcodegen.dll
0x0000000076160000 - 0x00000000761c2000 	C:\Program Files\MATLAB\R2011a\bin\win64\libmwspmatrix.dll
0x0000000079fb0000 - 0x0000000079fde000 	C:\Program Files\MATLAB\R2011a\bin\win64\libmwbridge.dll
0x000000006f9b0000 - 0x000000006fa69000 	C:\Program Files\MATLAB\R2011a\bin\win64\udd.dll
0x000000006f860000 - 0x000000006f9a1000 	C:\Program Files\MATLAB\R2011a\bin\win64\libmwgui.dll
0x000000006f840000 - 0x000000006f857000 	C:\Program Files\MATLAB\R2011a\bin\win64\graphics_util.dll
0x000000006efc0000 - 0x000000006f840000 	C:\Program Files\MATLAB\R2011a\bin\win64\hg.dll
0x0000000076100000 - 0x000000007614f000 	C:\Program Files\MATLAB\R2011a\bin\win64\libmat.dll
0x0000000072d30000 - 0x0000000072f33000 	C:\Program Files\MATLAB\R2011a\bin\win64\libhdf5.dll
0x000000006ef40000 - 0x000000006efbb000 	C:\Program Files\MATLAB\R2011a\bin\win64\jmi.dll
0x0000000001a90000 - 0x0000000001a9e000 	C:\Program Files\MATLAB\R2011a\bin\win64\nativejava_services.dll
0x000000006ef00000 - 0x000000006ef3c000 	C:\Program Files\MATLAB\R2011a\bin\win64\libmwhardcopy.dll
0x000000006eea0000 - 0x000000006eef8000 	C:\Program Files\MATLAB\R2011a\bin\win64\libuij.dll
0x000000006ecb0000 - 0x000000006ee93000 	C:\Program Files\MATLAB\R2011a\bin\win64\hgdatatypes.dll
0x000000006ebf0000 - 0x000000006ecac000 	C:\Program Files\MATLAB\R2011a\bin\win64\hgutils.dll
0x000000006eb70000 - 0x000000006ebec000 	C:\Program Files\MATLAB\R2011a\bin\win64\libmwlapack.dll
0x000000006e4f0000 - 0x000000006e502000 	C:\Program Files\MATLAB\R2011a\bin\win64\libmwbinder.dll
0x000000006e4e0000 - 0x000000006e4eb000 	C:\Program Files\MATLAB\R2011a\bin\win64\libmwompwrapper.dll
0x0000000001b20000 - 0x0000000001de4000 	C:\Program Files\MATLAB\R2011a\bin\win64\uiw.dll
0x000000006e4d0000 - 0x000000006e4da000 	C:\Program Files\MATLAB\R2011a\bin\win64\uinone.dll
0x000000006dfe0000 - 0x000000006e4c4000 	C:\Windows\WinSxS\amd64_microsoft.vc90.mfc_1fc8b3b9a1e18e3b_9.0.30729.6161_none_044aad0bab1eb146\mfc90.dll
0x000007fef3cb0000 - 0x000007fef3cb7000 	C:\Windows\system32\MSIMG32.dll
0x000007fef4770000 - 0x000007fef47e0000 	C:\Windows\system32\WINSPOOL.DRV
0x000000006df30000 - 0x000000006dfd9000 	C:\Program Files\MATLAB\R2011a\bin\win64\udd_mi.dll
0x000000006df10000 - 0x000000006df2b000 	C:\Program Files\MATLAB\R2011a\bin\win64\mwoles05.DLL
0x000000006dea0000 - 0x000000006df0e000 	C:\Program Files\MATLAB\R2011a\bin\win64\comcli.dll
0x000000006de70000 - 0x000000006de9f000 	C:\Windows\WinSxS\amd64_microsoft.vc90.atl_1fc8b3b9a1e18e3b_9.0.30729.6161_none_0a1fd3a3a768b895\ATL90.DLL
0x000000006de60000 - 0x000000006de6c000 	C:\Program Files\MATLAB\R2011a\bin\win64\mlautoregister.dll
0x0000000001e50000 - 0x0000000001e5d000 	C:\Program Files\MATLAB\R2011a\bin\win64\boost_iostreams-vc90-mt-1_40.dll
0x000007feff1c0000 - 0x000007feff1ee000 	C:\Windows\system32\IMM32.DLL
0x000007fefd900000 - 0x000007fefda09000 	C:\Windows\system32\MSCTF.dll
0x000007fefb170000 - 0x000007fefb1c6000 	C:\Windows\system32\UxTheme.dll
0x000007fefad10000 - 0x000007fefad28000 	C:\Windows\system32\dwmapi.dll
0x000000006de40000 - 0x000000006de4d000 	C:\Windows\WinSxS\amd64_microsoft.vc90.mfcloc_1fc8b3b9a1e18e3b_9.0.30729.6161_none_01c9581e60cbee58\MFC90ENU.DLL
0x000007fefced0000 - 0x000007fefcedf000 	C:\Windows\system32\profapi.dll
0x000007fefce00000 - 0x000007fefce0f000 	C:\Windows\system32\CRYPTBASE.dll
0x000007fefb5b0000 - 0x000007fefb7a4000 	C:\Windows\WinSxS\amd64_microsoft.windows.common-controls_6595b64144ccf1df_6.0.7600.16661_none_fa62ad231704eab7\comctl32.dll
0x000007fefdd10000 - 0x000007fefdee7000 	C:\Windows\system32\SETUPAPI.dll
0x000007fefd0d0000 - 0x000007fefd106000 	C:\Windows\system32\CFGMGR32.dll
0x000007fefd110000 - 0x000007fefd12a000 	C:\Windows\system32\DEVOBJ.dll
0x000007fefd700000 - 0x000007fefd799000 	C:\Windows\system32\CLBCatQ.DLL
0x000007fefbc40000 - 0x000007fefbd6c000 	C:\Windows\system32\propsys.dll
0x000007fefbbe0000 - 0x000007fefbc0d000 	C:\Windows\system32\ntmarta.dll
0x000007fefd490000 - 0x000007fefd4e0000 	C:\Windows\system32\WLDAP32.dll
0x00000000045d0000 - 0x00000000045f9000 	C:\Program Files\MATLAB\R2011a\bin\win64\tbbmalloc.dll
0x000007fefab80000 - 0x000007fefaba7000 	C:\Windows\system32\iphlpapi.dll
0x000007fefab60000 - 0x000007fefab6b000 	C:\Windows\system32\WINNSI.DLL
0x000007fefc5c0000 - 0x000007fefc61b000 	C:\Windows\system32\DNSAPI.dll
0x000007fefa840000 - 0x000007fefa851000 	C:\Windows\system32\dhcpcsvc6.DLL
0x000007fefa820000 - 0x000007fefa838000 	C:\Windows\system32\dhcpcsvc.DLL
0x000000006de20000 - 0x000000006de23000 	C:\Windows\system32\icmp.Dll
0x0000000078870000 - 0x0000000078ecd000 	C:\Program Files\MATLAB\R2011a\sys\java\jre\win64\jre\bin\server\jvm.dll
0x000007fefae10000 - 0x000007fefae4b000 	C:\Windows\system32\WINMM.dll
0x000000007a440000 - 0x000000007a44e000 	C:\Program Files\MATLAB\R2011a\sys\java\jre\win64\jre\bin\verify.dll
0x000000007a070000 - 0x000000007a097000 	C:\Program Files\MATLAB\R2011a\sys\java\jre\win64\jre\bin\java.dll
0x000000007a540000 - 0x000000007a54a000 	C:\Program Files\MATLAB\R2011a\sys\java\jre\win64\jre\bin\hpi.dll
0x000000007a370000 - 0x000000007a382000 	C:\Program Files\MATLAB\R2011a\sys\java\jre\win64\jre\bin\zip.dll
0x0000000075b90000 - 0x0000000075bfb000 	C:\Program Files\MATLAB\R2011a\sys\java\jre\win64\jre\bin\fontmanager.dll
0x0000000073150000 - 0x0000000073311000 	C:\Program Files\MATLAB\R2011a\sys\java\jre\win64\jre\bin\awt.dll
0x0000000079cf0000 - 0x0000000079d36000 	C:\Program Files\MATLAB\R2011a\bin\win64\nativejmi.dll
0x000000007a600000 - 0x000000007a608000 	C:\Program Files\MATLAB\R2011a\bin\win64\nativeservices.dll

VM Arguments:
jvm_args: -Xss512k -XX:PermSize=32m -Xms64m -XX:NewRatio=3 -XX:MaxPermSize=128m -Xmx196m -XX:MaxDirectMemorySize=2147400000 -Dsun.java2d.noddraw=true -Dsun.awt.nopixfmt=true -Xshare:off -Xrs -Dsun.awt.disableMixing=true -Djava.library.path=C:\Program Files\MATLAB\R2011a\bin\win64 vfprintf abort 
java_command: <unknown>
Launcher Type: generic

Environment Variables:
CLASSPATH=.;C:\Program Files (x86)\QuickTime\QTSystem\QTJava.zip
PATH=C:\MATLAB701\bin\win32;C:\Program Files (x86)\MiKTeX 2.9\miktex\bin;C:\Windows\system32;C:\Windows;C:\Windows\system32\wbem;C:\Windows\system32\windowspowershell\v1.0\;c:\program files (x86)\common files\lenovo;c:\program files (x86)\common files\ulead systems\mpeg;c:\program files (x86)\lenovo\access connections\;C:\Program Files\MATLAB\R2011a\runtime\win64;C:\Program Files\MATLAB\R2011a\bin;C:\Program Files\MATLAB\R2009b\runtime\win64;C:\Program Files\MATLAB\R2009b\bin;c:\matlab701\bin\win32;C:\Program Files (x86)\IVI Foundation\IVI\bin;C:\Program Files\IVI Foundation\IVI\bin;C:\Program Files\IVI Foundation\VISA\Win64\Bin\;C:\Program Files (x86)\IVI Foundation\VISA\WinNT\Bin\;C:\PROGRA~2\IVIFOU~1\VISA\WinNT\Bin;C:\Program Files (x86)\IVI Foundation\VISA\WinNT\Bin;C:\Program Files (x86)\QuickTime\QTSystem\
USERNAME=Tze-Yuan Cheng
OS=Windows_NT
PROCESSOR_IDENTIFIER=Intel64 Family 6 Model 37 Stepping 5, GenuineIntel



---------------  S Y S T E M  ---------------

OS: Windows 7 Build 7600 

CPU:total 4 (8 cores per cpu, 2 threads per core) family 6 model 37 stepping 5, cmov, cx8, fxsr, mmx, sse, sse2, sse3, ssse3, sse4.1, sse4.2, ht

Memory: 4k page, physical 3985072k(1575444k free), swap 7968244k(3749212k free)

vm_info: Java HotSpot(TM) 64-Bit Server VM (14.3-b01) for windows-amd64 JRE (1.6.0_17-b04), built on Oct 11 2009 00:46:08 by "java_re" with MS VC++ 8.0

time: Thu Oct 06 09:32:17 2011
elapsed time: 53533 seconds

