#
# A fatal error has been detected by the Java Runtime Environment:
#
#  Internal Error (os_windows_x86.cpp:114), pid=7196, tid=7712
#  Error: guarantee(result == -1,"Unexpected result from topLevelExceptionFilter")
#
# JRE version: 6.0_17-b04
# Java VM: Java HotSpot(TM) 64-Bit Server VM (14.3-b01 mixed mode windows-amd64 )
# If you would like to submit a bug report, please visit:
#   http://java.sun.com/webapps/bugreport/crash.jsp
# The crash happened outside the Java Virtual Machine in native code.
# See problematic frame for where to report the bug.
#

---------------  T H R E A D  ---------------

Current thread (0x0000000001ff2800):  JavaThread "main" [_thread_in_native, id=7712, stack(0x00000000001e0000,0x00000000016e0000)]

Stack: [0x00000000001e0000,0x00000000016e0000]
[error occurred during error reporting (printing stack bounds), id 0xc0000005]

Java frames: (J=compiled Java code, j=interpreted, Vv=VM code)
j  com.mathworks.jmi.NativeMatlab.ProcessPendingEvents()Z+0
j  com.mathworks.jmi.NativeMatlab.processPendingEvents()Z+8
j  com.mathworks.jmi.Matlab$ProcessPendingEvents.callBooleanMethod(Ljava/lang/Object;)Z+0
j  com.mathworks.util.FactoryUtils.processPendingEvents()Z+12
j  com.mathworks.widgets.desk.Desktop.canClose()Z+38
j  com.mathworks.mde.desk.MLDesktop.canClose()Z+113
j  com.mathworks.mde.desk.MLDesktop$2.call()Ljava/lang/Boolean;+4
j  com.mathworks.mde.desk.MLDesktop$2.call()Ljava/lang/Object;+1
j  com.mathworks.jmi.Matlab.isOkToExit()Z+54
v  ~StubRoutines::call_stub
j  com.mathworks.jmi.NativeMatlab.SendMatlabMessage(Ljava/lang/Object;)Ljava/lang/Object;+0
j  com.mathworks.jmi.NativeMatlab.sendMatlabMessage(Ljava/lang/Object;)Ljava/lang/Object;+22
j  com.mathworks.jmi.MatlabLooper.sendMatlabMessage(Lcom/mathworks/services/message/MWMessage;)Ljava/lang/Object;+20
j  com.mathworks.jmi.Matlab.mtFevalConsoleOutput(Ljava/lang/String;[Ljava/lang/Object;I)Ljava/lang/Object;+58
j  com.mathworks.mde.desk.MLDesktop$8.run()V+14
j  com.mathworks.jmi.NativeMatlab.dispatchMTRequests(Z)V+50
v  ~StubRoutines::call_stub

---------------  P R O C E S S  ---------------

Java Threads: ( => current thread )
  0x0000000037a8a000 JavaThread "Image Fetcher 0" daemon [_thread_blocked, id=9180, stack(0x0000000009e50000,0x0000000009ed0000)]
  0x0000000036c2f800 JavaThread "Foxtrot Single Worker Thread #1" daemon [_thread_blocked, id=8988, stack(0x0000000007a40000,0x0000000007ac0000)]
  0x0000000037a90800 JavaThread "Timer-5" [_thread_blocked, id=7524, stack(0x00000000079c0000,0x0000000007a40000)]
  0x0000000036c2e000 JavaThread "pool-2-thread-1" [_thread_blocked, id=2280, stack(0x0000000007cc0000,0x0000000007d40000)]
  0x0000000037a91800 JavaThread "Prefs Updater" daemon [_thread_blocked, id=1152, stack(0x0000000007920000,0x00000000079a0000)]
  0x0000000037a8c000 JavaThread "Code Analyzer updating thread" [_thread_blocked, id=7612, stack(0x000000003fb10000,0x000000003fb90000)]
  0x0000000037a8a800 JavaThread "Code Analyzer updating thread" [_thread_blocked, id=7416, stack(0x000000003fb90000,0x000000003fc10000)]
  0x0000000037a89000 JavaThread "Timer-3" [_thread_blocked, id=7840, stack(0x000000003fa60000,0x000000003fae0000)]
  0x0000000037a88800 JavaThread "Code Analyzer updating thread" [_thread_blocked, id=7792, stack(0x000000003e200000,0x000000003e280000)]
  0x0000000037a87800 JavaThread "Active Reference Queue Daemon" daemon [_thread_blocked, id=7888, stack(0x0000000031360000,0x00000000313e0000)]
  0x0000000037a86000 JavaThread "Timer-2" daemon [_thread_blocked, id=7812, stack(0x000000003d120000,0x000000003d1a0000)]
  0x0000000037a83800 JavaThread "Timer queue for AWT thread" daemon [_thread_blocked, id=7804, stack(0x000000003e280000,0x000000003e300000)]
  0x0000000037a87000 JavaThread "Timer-1" daemon [_thread_blocked, id=5080, stack(0x000000003bf10000,0x000000003bf90000)]
  0x0000000037a85800 JavaThread "FelixPackageAdmin" daemon [_thread_blocked, id=5264, stack(0x000000003d070000,0x000000003d0f0000)]
  0x0000000037a84800 JavaThread "FelixStartLevel" daemon [_thread_blocked, id=5320, stack(0x000000003be70000,0x000000003bef0000)]
  0x0000000037a84000 JavaThread "FelixDispatchQueue" daemon [_thread_blocked, id=3332, stack(0x000000003cfa0000,0x000000003d020000)]
  0x00000000374e3800 JavaThread "TimerQueue" daemon [_thread_blocked, id=6920, stack(0x000000002c5b0000,0x000000002c630000)]
  0x000000003754e800 JavaThread "AWT-EventQueue-0" [_thread_in_vm_trans, id=5004, stack(0x0000000033f70000,0x0000000033ff0000)]
  0x0000000037514000 JavaThread "com.google.common.base.internal.Finalizer" daemon [_thread_blocked, id=6628, stack(0x000000002f260000,0x000000002f2e0000)]
  0x00000000375c0800 JavaThread "AWT-Windows" daemon [_thread_in_native, id=2248, stack(0x000000002dbb0000,0x000000002dc30000)]
  0x00000000375be000 JavaThread "AWT-Shutdown" [_thread_blocked, id=3980, stack(0x000000002af90000,0x000000002b010000)]
  0x0000000037536800 JavaThread "Java2D Disposer" daemon [_thread_blocked, id=7796, stack(0x0000000010fa0000,0x0000000011020000)]
  0x0000000036d39000 JavaThread "Timer-0" [_thread_blocked, id=6632, stack(0x000000000a2f0000,0x000000000a370000)]
  0x0000000036c6d000 JavaThread "JMI Unnamed Thread" [_thread_in_native, id=5772, stack(0x000000000a470000,0x000000000b970000)]
  0x0000000031266000 JavaThread "Low Memory Detector" daemon [_thread_blocked, id=2260, stack(0x000000000a3a0000,0x000000000a420000)]
  0x0000000031264800 JavaThread "CompilerThread1" daemon [_thread_blocked, id=7944, stack(0x00000000340c0000,0x00000000355c0000)]
  0x0000000031258800 JavaThread "CompilerThread0" daemon [_thread_blocked, id=740, stack(0x0000000032a50000,0x0000000033f50000)]
  0x0000000031258000 JavaThread "Attach Listener" daemon [_thread_blocked, id=7928, stack(0x000000000fdf0000,0x000000000fe70000)]
  0x00000000020ac800 JavaThread "Finalizer" daemon [_thread_blocked, id=424, stack(0x0000000007740000,0x00000000077c0000)]
  0x00000000020ab800 JavaThread "Reference Handler" daemon [_thread_blocked, id=7208, stack(0x00000000077c0000,0x0000000007840000)]
=>0x0000000001ff2800 JavaThread "main" [_thread_in_native, id=7712, stack(0x00000000001e0000,0x00000000016e0000)]

Other Threads:
  0x00000000311f2800 VMThread [stack: 0x0000000031420000,0x0000000032920000] [id=7916]
  0x0000000031295000 WatcherThread [stack: 0x0000000035630000,0x0000000036b30000] [id=5308]

VM state:not at safepoint (normal execution)

VM Mutex/Monitor currently owned by a thread: None

Heap
 PSYoungGen      total 21440K, used 4133K [0x0000000027e90000, 0x00000000297b0000, 0x000000002af90000)
  eden space 17408K, 12% used [0x0000000027e90000,0x00000000280b96c0,0x0000000028f90000)
  from space 4032K, 47% used [0x00000000293c0000,0x00000000295a0000,0x00000000297b0000)
  to   space 4160K, 0% used [0x0000000028f90000,0x0000000028f90000,0x00000000293a0000)
 PSOldGen        total 134592K, used 82760K [0x000000001eb90000, 0x0000000026f00000, 0x0000000027e90000)
  object space 134592K, 61% used [0x000000001eb90000,0x0000000023c622e8,0x0000000026f00000)
 PSPermGen       total 116352K, used 64516K [0x0000000016b90000, 0x000000001dd30000, 0x000000001eb90000)
  object space 116352K, 55% used [0x0000000016b90000,0x000000001aa910c0,0x000000001dd30000)

Dynamic libraries:
0x000000013fd50000 - 0x000000013fd79000 	C:\Program Files\MATLAB\R2011a\bin\win64\MATLAB.exe
0x0000000077590000 - 0x000000007773c000 	C:\Windows\SYSTEM32\ntdll.dll
0x0000000077370000 - 0x000000007748f000 	C:\Windows\system32\kernel32.dll
0x000007fefd6e0000 - 0x000007fefd74c000 	C:\Windows\system32\KERNELBASE.dll
0x0000000074460000 - 0x0000000074569000 	C:\Program Files\MATLAB\R2011a\bin\win64\libut.dll
0x00000000758a0000 - 0x0000000075920000 	C:\Program Files\MATLAB\R2011a\bin\win64\libmwi18n.dll
0x0000000180000000 - 0x000000018000b000 	C:\Program Files\MATLAB\R2011a\bin\win64\libmwresource_core.dll
0x000000006ab20000 - 0x000000006abf3000 	C:\Windows\WinSxS\amd64_microsoft.vc90.crt_1fc8b3b9a1e18e3b_9.0.30729.6161_none_08e61857a83bc251\MSVCP90.dll
0x000000006ac30000 - 0x000000006acd3000 	C:\Windows\WinSxS\amd64_microsoft.vc90.crt_1fc8b3b9a1e18e3b_9.0.30729.6161_none_08e61857a83bc251\MSVCR90.dll
0x000000007a3b0000 - 0x000000007a3c0000 	C:\Program Files\MATLAB\R2011a\bin\win64\boost_date_time-vc90-mt-1_40.dll
0x000000007a170000 - 0x000000007a189000 	C:\Program Files\MATLAB\R2011a\bin\win64\boost_filesystem-vc90-mt-1_40.dll
0x000000007a560000 - 0x000000007a569000 	C:\Program Files\MATLAB\R2011a\bin\win64\boost_system-vc90-mt-1_40.dll
0x000000007a2d0000 - 0x000000007a2e2000 	C:\Program Files\MATLAB\R2011a\bin\win64\boost_thread-vc90-mt-1_40.dll
0x000000007a010000 - 0x000000007a035000 	C:\Program Files\MATLAB\R2011a\bin\win64\LIBEXPAT.dll
0x00000000739d0000 - 0x0000000073b8c000 	C:\Program Files\MATLAB\R2011a\bin\win64\icuin42.dll
0x00000000740b0000 - 0x0000000074223000 	C:\Program Files\MATLAB\R2011a\bin\win64\icuuc42.dll
0x000007fefdac0000 - 0x000007fefdb9b000 	C:\Windows\system32\ADVAPI32.dll
0x000007feff6d0000 - 0x000007feff76f000 	C:\Windows\system32\msvcrt.dll
0x000007fefe930000 - 0x000007fefe94f000 	C:\Windows\SYSTEM32\sechost.dll
0x000007feff5a0000 - 0x000007feff6ce000 	C:\Windows\system32\RPCRT4.dll
0x0000000010000000 - 0x0000000010f47000 	C:\Program Files\MATLAB\R2011a\bin\win64\icudt42.dll
0x0000000073f70000 - 0x000000007407d000 	C:\Program Files\MATLAB\R2011a\bin\win64\libmwfl.dll
0x0000000001870000 - 0x0000000001903000 	C:\Program Files\MATLAB\R2011a\bin\win64\libmwMATLAB_res.dll
0x000000007a250000 - 0x000000007a263000 	C:\Program Files\MATLAB\R2011a\bin\win64\boost_signals-vc90-mt-1_40.dll
0x0000000000190000 - 0x00000000001d6000 	C:\Program Files\MATLAB\R2011a\bin\win64\tbb.dll
0x000007feff330000 - 0x000007feff347000 	C:\Windows\system32\imagehlp.dll
0x0000000077750000 - 0x0000000077757000 	C:\Windows\system32\PSAPI.DLL
0x000000007a3d0000 - 0x000000007a3e3000 	C:\Program Files\MATLAB\R2011a\bin\win64\icuio42.dll
0x000007fef1290000 - 0x000007fef13b5000 	C:\Windows\system32\dbghelp.dll
0x0000000077490000 - 0x000000007758a000 	C:\Windows\system32\USER32.dll
0x000007feff2c0000 - 0x000007feff327000 	C:\Windows\system32\GDI32.dll
0x000007fefdab0000 - 0x000007fefdabe000 	C:\Windows\system32\LPK.dll
0x000007feff4d0000 - 0x000007feff59a000 	C:\Windows\system32\USP10.dll
0x000000007bed0000 - 0x000000007c0f5000 	C:\Program Files\MATLAB\R2011a\bin\win64\libmwservices.dll
0x0000000075a20000 - 0x0000000075ab2000 	C:\Program Files\MATLAB\R2011a\bin\win64\libmx.dll
0x000000007a210000 - 0x000000007a226000 	C:\Program Files\MATLAB\R2011a\bin\win64\zlib1.dll
0x0000000074330000 - 0x000000007444b000 	C:\Program Files\MATLAB\R2011a\bin\win64\libmwmathutil.dll
0x000000006aac0000 - 0x000000006ab14000 	C:\Program Files\MATLAB\R2011a\bin\win64\mpath.dll
0x000000007b680000 - 0x000000007b982000 	C:\Program Files\MATLAB\R2011a\bin\win64\mlutil.dll
0x0000000069d30000 - 0x0000000069db2000 	C:\Program Files\MATLAB\R2011a\bin\win64\xmlcore.dll
0x000000007bc30000 - 0x000000007be83000 	C:\Program Files\MATLAB\R2011a\bin\win64\xerces-c_2_7.dll
0x000007fefd960000 - 0x000007fefd9ad000 	C:\Windows\system32\WS2_32.dll
0x000007feff1a0000 - 0x000007feff1a8000 	C:\Windows\system32\NSI.dll
0x000007fefdba0000 - 0x000007fefe926000 	C:\Windows\system32\SHELL32.dll
0x000007fefee60000 - 0x000007fefeed1000 	C:\Windows\system32\SHLWAPI.dll
0x000007fef6b60000 - 0x000007fef6c00000 	C:\Windows\WinSxS\amd64_microsoft.windows.common-controls_6595b64144ccf1df_5.82.7600.16661_none_a44e1fc257f685f6\COMCTL32.dll
0x000007fefd8c0000 - 0x000007fefd958000 	C:\Windows\system32\COMDLG32.dll
0x000007fefaef0000 - 0x000007fefaf06000 	C:\Windows\system32\NETAPI32.dll
0x000007fefaee0000 - 0x000007fefaeec000 	C:\Windows\system32\netutils.dll
0x000007fefd290000 - 0x000007fefd2b3000 	C:\Windows\system32\srvcli.dll
0x000007fefaec0000 - 0x000007fefaed5000 	C:\Windows\system32\wkscli.dll
0x000007fefe950000 - 0x000007fefeb52000 	C:\Windows\system32\ole32.dll
0x000007feff0c0000 - 0x000007feff197000 	C:\Windows\system32\OLEAUT32.dll
0x0000000074970000 - 0x0000000074a34000 	C:\Program Files\MATLAB\R2011a\bin\win64\mcr.dll
0x0000000075000000 - 0x00000000750e4000 	C:\Program Files\MATLAB\R2011a\bin\win64\iqm.dll
0x0000000069590000 - 0x0000000069d2c000 	C:\Program Files\MATLAB\R2011a\bin\win64\m_interpreter.dll
0x000000006b750000 - 0x000000006b75f000 	C:\Program Files\MATLAB\R2011a\bin\win64\libmex.dll
0x00000000694e0000 - 0x0000000069584000 	C:\Program Files\MATLAB\R2011a\bin\win64\m_dispatcher.dll
0x0000000074880000 - 0x0000000074945000 	C:\Program Files\MATLAB\R2011a\bin\win64\boost_regex-vc90-mt-1_40.dll
0x0000000069dd0000 - 0x0000000069e4f000 	C:\Program Files\MATLAB\R2011a\bin\win64\profiler.dll
0x0000000079f40000 - 0x0000000079f6c000 	C:\Program Files\MATLAB\R2011a\bin\win64\libmwmathrng.dll
0x000000006ac10000 - 0x000000006ac30000 	C:\Program Files\MATLAB\R2011a\bin\win64\m_pcodeio.dll
0x0000000079b10000 - 0x0000000079b71000 	C:\Program Files\MATLAB\R2011a\bin\win64\m_ir.dll
0x0000000068ea0000 - 0x00000000694db000 	C:\Program Files\MATLAB\R2011a\bin\win64\m_parser.dll
0x000000006aaa0000 - 0x000000006aab9000 	C:\Program Files\MATLAB\R2011a\bin\win64\ir_xfmr.dll
0x0000000068c50000 - 0x0000000068e9b000 	C:\Program Files\MATLAB\R2011a\bin\win64\mcos.dll
0x0000000074f80000 - 0x0000000074f8c000 	C:\Program Files\MATLAB\R2011a\bin\win64\mtok.dll
0x0000000068c20000 - 0x0000000068c4b000 	C:\Program Files\MATLAB\R2011a\bin\win64\m_pcodegen.dll
0x0000000076160000 - 0x00000000761c2000 	C:\Program Files\MATLAB\R2011a\bin\win64\libmwspmatrix.dll
0x0000000079fb0000 - 0x0000000079fde000 	C:\Program Files\MATLAB\R2011a\bin\win64\libmwbridge.dll
0x0000000068b60000 - 0x0000000068c19000 	C:\Program Files\MATLAB\R2011a\bin\win64\udd.dll
0x00000000671a0000 - 0x00000000672e1000 	C:\Program Files\MATLAB\R2011a\bin\win64\libmwgui.dll
0x0000000068b40000 - 0x0000000068b57000 	C:\Program Files\MATLAB\R2011a\bin\win64\graphics_util.dll
0x0000000060c20000 - 0x00000000614a0000 	C:\Program Files\MATLAB\R2011a\bin\win64\hg.dll
0x0000000076100000 - 0x000000007614f000 	C:\Program Files\MATLAB\R2011a\bin\win64\libmat.dll
0x0000000072d30000 - 0x0000000072f33000 	C:\Program Files\MATLAB\R2011a\bin\win64\libhdf5.dll
0x0000000068ac0000 - 0x0000000068b3b000 	C:\Program Files\MATLAB\R2011a\bin\win64\jmi.dll
0x0000000001a90000 - 0x0000000001a9e000 	C:\Program Files\MATLAB\R2011a\bin\win64\nativejava_services.dll
0x0000000068a80000 - 0x0000000068abc000 	C:\Program Files\MATLAB\R2011a\bin\win64\libmwhardcopy.dll
0x00000000673a0000 - 0x00000000673f8000 	C:\Program Files\MATLAB\R2011a\bin\win64\libuij.dll
0x0000000066fb0000 - 0x0000000067193000 	C:\Program Files\MATLAB\R2011a\bin\win64\hgdatatypes.dll
0x0000000066e00000 - 0x0000000066ebc000 	C:\Program Files\MATLAB\R2011a\bin\win64\hgutils.dll
0x0000000066f30000 - 0x0000000066fac000 	C:\Program Files\MATLAB\R2011a\bin\win64\libmwlapack.dll
0x000000006a000000 - 0x000000006a012000 	C:\Program Files\MATLAB\R2011a\bin\win64\libmwbinder.dll
0x000000006ac00000 - 0x000000006ac0b000 	C:\Program Files\MATLAB\R2011a\bin\win64\libmwompwrapper.dll
0x0000000001b20000 - 0x0000000001de4000 	C:\Program Files\MATLAB\R2011a\bin\win64\uiw.dll
0x000000006af80000 - 0x000000006af8a000 	C:\Program Files\MATLAB\R2011a\bin\win64\uinone.dll
0x0000000066910000 - 0x0000000066df4000 	C:\Windows\WinSxS\amd64_microsoft.vc90.mfc_1fc8b3b9a1e18e3b_9.0.30729.6161_none_044aad0bab1eb146\mfc90.dll
0x000007fef7fc0000 - 0x000007fef7fc7000 	C:\Windows\system32\MSIMG32.dll
0x000007fef8a00000 - 0x000007fef8a70000 	C:\Windows\system32\WINSPOOL.DRV
0x0000000066860000 - 0x0000000066909000 	C:\Program Files\MATLAB\R2011a\bin\win64\udd_mi.dll
0x0000000068a60000 - 0x0000000068a7b000 	C:\Program Files\MATLAB\R2011a\bin\win64\mwoles05.DLL
0x00000000667f0000 - 0x000000006685e000 	C:\Program Files\MATLAB\R2011a\bin\win64\comcli.dll
0x00000000682b0000 - 0x00000000682df000 	C:\Windows\WinSxS\amd64_microsoft.vc90.atl_1fc8b3b9a1e18e3b_9.0.30729.6161_none_0a1fd3a3a768b895\ATL90.DLL
0x0000000069fd0000 - 0x0000000069fdc000 	C:\Program Files\MATLAB\R2011a\bin\win64\mlautoregister.dll
0x0000000001e50000 - 0x0000000001e5d000 	C:\Program Files\MATLAB\R2011a\bin\win64\boost_iostreams-vc90-mt-1_40.dll
0x000007fefda80000 - 0x000007fefdaae000 	C:\Windows\system32\IMM32.DLL
0x000007feff1b0000 - 0x000007feff2b9000 	C:\Windows\system32\MSCTF.dll
0x000007fefbde0000 - 0x000007fefbe36000 	C:\Windows\system32\UxTheme.dll
0x000007fefb8b0000 - 0x000007fefb8c8000 	C:\Windows\system32\dwmapi.dll
0x0000000069dc0000 - 0x0000000069dcd000 	C:\Windows\WinSxS\amd64_microsoft.vc90.mfcloc_1fc8b3b9a1e18e3b_9.0.30729.6161_none_01c9581e60cbee58\MFC90ENU.DLL
0x000007fefd4f0000 - 0x000007fefd4ff000 	C:\Windows\system32\profapi.dll
0x000007fefd420000 - 0x000007fefd42f000 	C:\Windows\system32\CRYPTBASE.dll
0x000007fefbfd0000 - 0x000007fefc1c4000 	C:\Windows\WinSxS\amd64_microsoft.windows.common-controls_6595b64144ccf1df_6.0.7600.16661_none_fa62ad231704eab7\comctl32.dll
0x000007fefeee0000 - 0x000007feff0b7000 	C:\Windows\system32\SETUPAPI.dll
0x000007fefd5c0000 - 0x000007fefd5f6000 	C:\Windows\system32\CFGMGR32.dll
0x000007fefd5a0000 - 0x000007fefd5ba000 	C:\Windows\system32\DEVOBJ.dll
0x000007fefedc0000 - 0x000007fefee59000 	C:\Windows\system32\CLBCatQ.DLL
0x000007fefbe40000 - 0x000007fefbf6c000 	C:\Windows\system32\propsys.dll
0x000007fefb640000 - 0x000007fefb66d000 	C:\Windows\system32\ntmarta.dll
0x000007fefda30000 - 0x000007fefda80000 	C:\Windows\system32\WLDAP32.dll
0x0000000003c90000 - 0x0000000003cb9000 	C:\Program Files\MATLAB\R2011a\bin\win64\tbbmalloc.dll
0x000007fefa8e0000 - 0x000007fefa907000 	C:\Windows\system32\iphlpapi.dll
0x000007fefad40000 - 0x000007fefad4b000 	C:\Windows\system32\WINNSI.DLL
0x000007fefcbe0000 - 0x000007fefcc3b000 	C:\Windows\system32\DNSAPI.dll
0x000007fefa690000 - 0x000007fefa6a8000 	C:\Windows\system32\dhcpcsvc.DLL
0x000007fefa670000 - 0x000007fefa681000 	C:\Windows\system32\dhcpcsvc6.DLL
0x0000000068a50000 - 0x0000000068a53000 	C:\Windows\system32\icmp.Dll
0x0000000078870000 - 0x0000000078ecd000 	C:\Program Files\MATLAB\R2011a\sys\java\jre\win64\jre\bin\server\jvm.dll
0x000007fefb480000 - 0x000007fefb4bb000 	C:\Windows\system32\WINMM.dll
0x000000007a440000 - 0x000000007a44e000 	C:\Program Files\MATLAB\R2011a\sys\java\jre\win64\jre\bin\verify.dll
0x000000007a070000 - 0x000000007a097000 	C:\Program Files\MATLAB\R2011a\sys\java\jre\win64\jre\bin\java.dll
0x000000007a540000 - 0x000000007a54a000 	C:\Program Files\MATLAB\R2011a\sys\java\jre\win64\jre\bin\hpi.dll
0x000000007a370000 - 0x000000007a382000 	C:\Program Files\MATLAB\R2011a\sys\java\jre\win64\jre\bin\zip.dll
0x0000000075b90000 - 0x0000000075bfb000 	C:\Program Files\MATLAB\R2011a\sys\java\jre\win64\jre\bin\fontmanager.dll
0x0000000073150000 - 0x0000000073311000 	C:\Program Files\MATLAB\R2011a\sys\java\jre\win64\jre\bin\awt.dll
0x0000000079cf0000 - 0x0000000079d36000 	C:\Program Files\MATLAB\R2011a\bin\win64\nativejmi.dll
0x000000007a600000 - 0x000000007a608000 	C:\Program Files\MATLAB\R2011a\bin\win64\nativeservices.dll

VM Arguments:
jvm_args: -Xss512k -XX:PermSize=32m -Xms64m -XX:NewRatio=3 -XX:MaxPermSize=128m -Xmx196m -XX:MaxDirectMemorySize=2147400000 -Dsun.java2d.noddraw=true -Dsun.awt.nopixfmt=true -Xshare:off -Xrs -Dsun.awt.disableMixing=true -Djava.library.path=C:\Program Files\MATLAB\R2011a\bin\win64 vfprintf abort 
java_command: <unknown>
Launcher Type: generic

Environment Variables:
CLASSPATH=.;C:\Program Files (x86)\QuickTime\QTSystem\QTJava.zip
PATH=C:\MATLAB701\bin\win32;C:\Program Files (x86)\MiKTeX 2.9\miktex\bin;C:\Windows\system32;C:\Windows;C:\Windows\system32\wbem;C:\Windows\system32\windowspowershell\v1.0\;c:\program files (x86)\common files\lenovo;c:\program files (x86)\common files\ulead systems\mpeg;c:\program files (x86)\lenovo\access connections\;C:\Program Files\MATLAB\R2011a\runtime\win64;C:\Program Files\MATLAB\R2011a\bin;C:\Program Files\MATLAB\R2009b\runtime\win64;C:\Program Files\MATLAB\R2009b\bin;c:\matlab701\bin\win32;C:\Program Files (x86)\IVI Foundation\IVI\bin;C:\Program Files\IVI Foundation\IVI\bin;C:\Program Files\IVI Foundation\VISA\Win64\Bin\;C:\Program Files (x86)\IVI Foundation\VISA\WinNT\Bin\;C:\PROGRA~2\IVIFOU~1\VISA\WinNT\Bin;C:\Program Files (x86)\IVI Foundation\VISA\WinNT\Bin;C:\Program Files (x86)\QuickTime\QTSystem\
USERNAME=Tze-Yuan Cheng
OS=Windows_NT
PROCESSOR_IDENTIFIER=Intel64 Family 6 Model 37 Stepping 5, GenuineIntel



---------------  S Y S T E M  ---------------

OS: Windows 7 Build 7600 

CPU:total 4 (8 cores per cpu, 2 threads per core) family 6 model 37 stepping 5, cmov, cx8, fxsr, mmx, sse, sse2, sse3, ssse3, sse4.1, sse4.2, ht

Memory: 4k page, physical 3985072k(1747224k free), swap 7968244k(4478408k free)

vm_info: Java HotSpot(TM) 64-Bit Server VM (14.3-b01) for windows-amd64 JRE (1.6.0_17-b04), built on Oct 11 2009 00:46:08 by "java_re" with MS VC++ 8.0

time: Sun Sep 18 22:34:19 2011
elapsed time: 31598 seconds

