#
# A fatal error has been detected by the Java Runtime Environment:
#
#  Internal Error (os_windows_x86.cpp:114), pid=1380, tid=5884
#  Error: guarantee(result == -1,"Unexpected result from topLevelExceptionFilter")
#
# JRE version: 6.0_17-b04
# Java VM: Java HotSpot(TM) 64-Bit Server VM (14.3-b01 mixed mode windows-amd64 )
# If you would like to submit a bug report, please visit:
#   http://java.sun.com/webapps/bugreport/crash.jsp
# The crash happened outside the Java Virtual Machine in native code.
# See problematic frame for where to report the bug.
#

---------------  T H R E A D  ---------------

Current thread (0x0000000002072800):  JavaThread "main" [_thread_in_native, id=5884, stack(0x00000000000c0000,0x00000000015c0000)]

Stack: [0x00000000000c0000,0x00000000015c0000]
[error occurred during error reporting (printing stack bounds), id 0xc0000005]

Java frames: (J=compiled Java code, j=interpreted, Vv=VM code)
j  com.mathworks.jmi.NativeMatlab.ProcessPendingEvents()Z+0
j  com.mathworks.jmi.NativeMatlab.processPendingEvents()Z+8
j  com.mathworks.jmi.Matlab$ProcessPendingEvents.callBooleanMethod(Ljava/lang/Object;)Z+0
j  com.mathworks.util.FactoryUtils.processPendingEvents()Z+12
j  com.mathworks.mde.desk.MLDesktop.canClose()Z+84
j  com.mathworks.mde.desk.MLDesktop$2.call()Ljava/lang/Boolean;+4
j  com.mathworks.mde.desk.MLDesktop$2.call()Ljava/lang/Object;+1
j  com.mathworks.jmi.Matlab.isOkToExit()Z+54
v  ~StubRoutines::call_stub
j  com.mathworks.jmi.NativeMatlab.SendMatlabMessage(Ljava/lang/Object;)Ljava/lang/Object;+0
j  com.mathworks.jmi.NativeMatlab.sendMatlabMessage(Ljava/lang/Object;)Ljava/lang/Object;+22
j  com.mathworks.jmi.MatlabLooper.sendMatlabMessage(Lcom/mathworks/services/message/MWMessage;)Ljava/lang/Object;+20
j  com.mathworks.jmi.Matlab.mtFevalConsoleOutput(Ljava/lang/String;[Ljava/lang/Object;I)Ljava/lang/Object;+58
j  com.mathworks.mde.desk.MLDesktop$8.run()V+14
j  com.mathworks.jmi.NativeMatlab.dispatchMTRequests(Z)V+50
v  ~StubRoutines::call_stub

---------------  P R O C E S S  ---------------

Java Threads: ( => current thread )
  0x000000003e6e1000 JavaThread "Code Analyzer updating thread" [_thread_blocked, id=4948, stack(0x0000000006af0000,0x0000000006b70000)]
  0x0000000038e4c800 JavaThread "Prefs Updater" daemon [_thread_blocked, id=5020, stack(0x00000000089b0000,0x0000000008a30000)]
  0x0000000038e4a800 JavaThread "Foxtrot Single Worker Thread #1" daemon [_thread_blocked, id=6664, stack(0x00000000071d0000,0x0000000007250000)]
  0x0000000038e49800 JavaThread "Timer-5" [_thread_blocked, id=1808, stack(0x0000000008730000,0x00000000087b0000)]
  0x0000000038e4c000 JavaThread "pool-2-thread-1" [_thread_blocked, id=1532, stack(0x0000000008810000,0x0000000008890000)]
  0x0000000038e47800 JavaThread "Code Analyzer updating thread" [_thread_blocked, id=5440, stack(0x000000003e400000,0x000000003e480000)]
  0x0000000038e46000 JavaThread "Code Analyzer updating thread" [_thread_blocked, id=5836, stack(0x0000000041110000,0x0000000041190000)]
  0x0000000038e45800 JavaThread "Code Analyzer updating thread" [_thread_blocked, id=6908, stack(0x0000000040fd0000,0x0000000041050000)]
  0x0000000038e44800 JavaThread "Code Analyzer updating thread" [_thread_blocked, id=4732, stack(0x0000000040e80000,0x0000000040f00000)]
  0x0000000038e44000 JavaThread "Code Analyzer updating thread" [_thread_blocked, id=1080, stack(0x0000000040d70000,0x0000000040df0000)]
  0x0000000038e43000 JavaThread "Timer-3" [_thread_blocked, id=4384, stack(0x0000000040c70000,0x0000000040cf0000)]
  0x0000000038e3f800 JavaThread "Code Analyzer updating thread" [_thread_blocked, id=5808, stack(0x0000000038940000,0x00000000389c0000)]
  0x0000000038e42800 JavaThread "Active Reference Queue Daemon" daemon [_thread_blocked, id=3680, stack(0x000000003e230000,0x000000003e2b0000)]
  0x0000000038e41800 JavaThread "Timer-2" daemon [_thread_blocked, id=5040, stack(0x0000000035070000,0x00000000350f0000)]
  0x0000000038e41000 JavaThread "Timer queue for AWT thread" daemon [_thread_blocked, id=3212, stack(0x000000000ff70000,0x000000000fff0000)]
  0x0000000038e40000 JavaThread "Timer-1" daemon [_thread_blocked, id=2852, stack(0x000000003e4a0000,0x000000003e520000)]
  0x0000000038e3e000 JavaThread "FelixPackageAdmin" daemon [_thread_blocked, id=6012, stack(0x00000000319c0000,0x0000000031a40000)]
  0x0000000038a8e800 JavaThread "FelixStartLevel" daemon [_thread_blocked, id=6524, stack(0x000000003e520000,0x000000003e5a0000)]
  0x0000000039084000 JavaThread "FelixDispatchQueue" daemon [_thread_blocked, id=5736, stack(0x000000003e2e0000,0x000000003e360000)]
  0x0000000038f1f000 JavaThread "TimerQueue" daemon [_thread_blocked, id=4880, stack(0x0000000039aa0000,0x0000000039b20000)]
  0x000000003871e000 JavaThread "AWT-EventQueue-0" [_thread_in_Java, id=6432, stack(0x0000000039b60000,0x0000000039be0000)]
  0x0000000037ece800 JavaThread "com.google.common.base.internal.Finalizer" daemon [_thread_blocked, id=5652, stack(0x00000000388c0000,0x0000000038940000)]
  0x00000000384cb800 JavaThread "AWT-Windows" daemon [_thread_in_native, id=544, stack(0x0000000009fb0000,0x000000000a030000)]
  0x00000000384c9000 JavaThread "AWT-Shutdown" [_thread_blocked, id=6324, stack(0x0000000034ff0000,0x0000000035070000)]
  0x0000000038553800 JavaThread "Java2D Disposer" daemon [_thread_blocked, id=860, stack(0x0000000033950000,0x00000000339d0000)]
  0x0000000037d43000 JavaThread "Timer-0" [_thread_blocked, id=6016, stack(0x000000000ccd0000,0x000000000cd50000)]
  0x0000000037c8b000 JavaThread "JMI Unnamed Thread" [_thread_in_native, id=3444, stack(0x000000000b710000,0x000000000cc10000)]
  0x000000000fdd6800 JavaThread "Low Memory Detector" daemon [_thread_blocked, id=5252, stack(0x0000000031a40000,0x0000000031ac0000)]
  0x000000000fdd5000 JavaThread "CompilerThread1" daemon [_thread_blocked, id=5544, stack(0x00000000350f0000,0x00000000365f0000)]
  0x000000000fdc9000 JavaThread "CompilerThread0" daemon [_thread_blocked, id=896, stack(0x0000000033a40000,0x0000000034f40000)]
  0x000000000fdc8000 JavaThread "Attach Listener" daemon [_thread_blocked, id=2500, stack(0x0000000031940000,0x00000000319c0000)]
  0x000000000fd66000 JavaThread "Finalizer" daemon [_thread_blocked, id=5236, stack(0x000000002d7f0000,0x000000002d870000)]
  0x000000000fd65800 JavaThread "Reference Handler" daemon [_thread_blocked, id=4744, stack(0x000000000fef0000,0x000000000ff70000)]
=>0x0000000002072800 JavaThread "main" [_thread_in_native, id=5884, stack(0x00000000000c0000,0x00000000015c0000)]

Other Threads:
  0x000000000212c800 VMThread [stack: 0x0000000031af0000,0x0000000032ff0000] [id=5388]
  0x000000000fe02800 WatcherThread [stack: 0x00000000366c0000,0x0000000037bc0000] [id=2956]

VM state:not at safepoint (normal execution)

VM Mutex/Monitor currently owned by a thread: None

Heap
 PSYoungGen      total 29184K, used 4158K [0x00000000291a0000, 0x000000002b280000, 0x000000002c2a0000)
  eden space 24832K, 7% used [0x00000000291a0000,0x000000002935fbb0,0x000000002a9e0000)
  from space 4352K, 54% used [0x000000002ae30000,0x000000002b080000,0x000000002b270000)
  to   space 4416K, 0% used [0x000000002a9e0000,0x000000002a9e0000,0x000000002ae30000)
 PSOldGen        total 122752K, used 118120K [0x000000001fea0000, 0x0000000027680000, 0x00000000291a0000)
  object space 122752K, 96% used [0x000000001fea0000,0x00000000271fa040,0x0000000027680000)
 PSPermGen       total 116096K, used 64968K [0x0000000017ea0000, 0x000000001f000000, 0x000000001fea0000)
  object space 116096K, 55% used [0x0000000017ea0000,0x000000001be122e8,0x000000001f000000)

Dynamic libraries:
0x000000013f2b0000 - 0x000000013f2d9000 	C:\Program Files\MATLAB\R2011a\bin\win64\MATLAB.exe
0x0000000077590000 - 0x000000007773c000 	C:\Windows\SYSTEM32\ntdll.dll
0x0000000077370000 - 0x000000007748f000 	C:\Windows\system32\kernel32.dll
0x000007fefd6e0000 - 0x000007fefd74c000 	C:\Windows\system32\KERNELBASE.dll
0x0000000074460000 - 0x0000000074569000 	C:\Program Files\MATLAB\R2011a\bin\win64\libut.dll
0x00000000758a0000 - 0x0000000075920000 	C:\Program Files\MATLAB\R2011a\bin\win64\libmwi18n.dll
0x0000000180000000 - 0x000000018000b000 	C:\Program Files\MATLAB\R2011a\bin\win64\libmwresource_core.dll
0x000000006aba0000 - 0x000000006ac73000 	C:\Windows\WinSxS\amd64_microsoft.vc90.crt_1fc8b3b9a1e18e3b_9.0.30729.6161_none_08e61857a83bc251\MSVCP90.dll
0x000000006acb0000 - 0x000000006ad53000 	C:\Windows\WinSxS\amd64_microsoft.vc90.crt_1fc8b3b9a1e18e3b_9.0.30729.6161_none_08e61857a83bc251\MSVCR90.dll
0x000000007a3b0000 - 0x000000007a3c0000 	C:\Program Files\MATLAB\R2011a\bin\win64\boost_date_time-vc90-mt-1_40.dll
0x000000007a170000 - 0x000000007a189000 	C:\Program Files\MATLAB\R2011a\bin\win64\boost_filesystem-vc90-mt-1_40.dll
0x000000007a560000 - 0x000000007a569000 	C:\Program Files\MATLAB\R2011a\bin\win64\boost_system-vc90-mt-1_40.dll
0x000000007a2d0000 - 0x000000007a2e2000 	C:\Program Files\MATLAB\R2011a\bin\win64\boost_thread-vc90-mt-1_40.dll
0x000000007a010000 - 0x000000007a035000 	C:\Program Files\MATLAB\R2011a\bin\win64\LIBEXPAT.dll
0x00000000739d0000 - 0x0000000073b8c000 	C:\Program Files\MATLAB\R2011a\bin\win64\icuin42.dll
0x00000000740b0000 - 0x0000000074223000 	C:\Program Files\MATLAB\R2011a\bin\win64\icuuc42.dll
0x000007fefdac0000 - 0x000007fefdb9b000 	C:\Windows\system32\ADVAPI32.dll
0x000007feff6d0000 - 0x000007feff76f000 	C:\Windows\system32\msvcrt.dll
0x000007fefe930000 - 0x000007fefe94f000 	C:\Windows\SYSTEM32\sechost.dll
0x000007feff5a0000 - 0x000007feff6ce000 	C:\Windows\system32\RPCRT4.dll
0x0000000010000000 - 0x0000000010f47000 	C:\Program Files\MATLAB\R2011a\bin\win64\icudt42.dll
0x0000000073f70000 - 0x000000007407d000 	C:\Program Files\MATLAB\R2011a\bin\win64\libmwfl.dll
0x0000000001670000 - 0x0000000001703000 	C:\Program Files\MATLAB\R2011a\bin\win64\libmwMATLAB_res.dll
0x000000007a250000 - 0x000000007a263000 	C:\Program Files\MATLAB\R2011a\bin\win64\boost_signals-vc90-mt-1_40.dll
0x0000000001870000 - 0x00000000018b6000 	C:\Program Files\MATLAB\R2011a\bin\win64\tbb.dll
0x000007feff330000 - 0x000007feff347000 	C:\Windows\system32\imagehlp.dll
0x0000000077750000 - 0x0000000077757000 	C:\Windows\system32\PSAPI.DLL
0x000000007a3d0000 - 0x000000007a3e3000 	C:\Program Files\MATLAB\R2011a\bin\win64\icuio42.dll
0x000007fef1290000 - 0x000007fef13b5000 	C:\Windows\system32\dbghelp.dll
0x0000000077490000 - 0x000000007758a000 	C:\Windows\system32\USER32.dll
0x000007feff2c0000 - 0x000007feff327000 	C:\Windows\system32\GDI32.dll
0x000007fefdab0000 - 0x000007fefdabe000 	C:\Windows\system32\LPK.dll
0x000007feff4d0000 - 0x000007feff59a000 	C:\Windows\system32\USP10.dll
0x000000007bed0000 - 0x000000007c0f5000 	C:\Program Files\MATLAB\R2011a\bin\win64\libmwservices.dll
0x0000000075a20000 - 0x0000000075ab2000 	C:\Program Files\MATLAB\R2011a\bin\win64\libmx.dll
0x000000007a210000 - 0x000000007a226000 	C:\Program Files\MATLAB\R2011a\bin\win64\zlib1.dll
0x0000000074330000 - 0x000000007444b000 	C:\Program Files\MATLAB\R2011a\bin\win64\libmwmathutil.dll
0x000000006ab40000 - 0x000000006ab94000 	C:\Program Files\MATLAB\R2011a\bin\win64\mpath.dll
0x000000007b680000 - 0x000000007b982000 	C:\Program Files\MATLAB\R2011a\bin\win64\mlutil.dll
0x000000006aab0000 - 0x000000006ab32000 	C:\Program Files\MATLAB\R2011a\bin\win64\xmlcore.dll
0x000000007bc30000 - 0x000000007be83000 	C:\Program Files\MATLAB\R2011a\bin\win64\xerces-c_2_7.dll
0x000007fefd960000 - 0x000007fefd9ad000 	C:\Windows\system32\WS2_32.dll
0x000007feff1a0000 - 0x000007feff1a8000 	C:\Windows\system32\NSI.dll
0x000007fefdba0000 - 0x000007fefe926000 	C:\Windows\system32\SHELL32.dll
0x000007fefee60000 - 0x000007fefeed1000 	C:\Windows\system32\SHLWAPI.dll
0x000007fef6b60000 - 0x000007fef6c00000 	C:\Windows\WinSxS\amd64_microsoft.windows.common-controls_6595b64144ccf1df_5.82.7600.16661_none_a44e1fc257f685f6\COMCTL32.dll
0x000007fefd8c0000 - 0x000007fefd958000 	C:\Windows\system32\COMDLG32.dll
0x000007fefaef0000 - 0x000007fefaf06000 	C:\Windows\system32\NETAPI32.dll
0x000007fefaee0000 - 0x000007fefaeec000 	C:\Windows\system32\netutils.dll
0x000007fefd290000 - 0x000007fefd2b3000 	C:\Windows\system32\srvcli.dll
0x000007fefaec0000 - 0x000007fefaed5000 	C:\Windows\system32\wkscli.dll
0x000007fefe950000 - 0x000007fefeb52000 	C:\Windows\system32\ole32.dll
0x000007feff0c0000 - 0x000007feff197000 	C:\Windows\system32\OLEAUT32.dll
0x0000000074970000 - 0x0000000074a34000 	C:\Program Files\MATLAB\R2011a\bin\win64\mcr.dll
0x0000000075000000 - 0x00000000750e4000 	C:\Program Files\MATLAB\R2011a\bin\win64\iqm.dll
0x0000000068ef0000 - 0x000000006968c000 	C:\Program Files\MATLAB\R2011a\bin\win64\m_interpreter.dll
0x000000006af80000 - 0x000000006af8f000 	C:\Program Files\MATLAB\R2011a\bin\win64\libmex.dll
0x0000000069d80000 - 0x0000000069e24000 	C:\Program Files\MATLAB\R2011a\bin\win64\m_dispatcher.dll
0x0000000074880000 - 0x0000000074945000 	C:\Program Files\MATLAB\R2011a\bin\win64\boost_regex-vc90-mt-1_40.dll
0x0000000069d00000 - 0x0000000069d7f000 	C:\Program Files\MATLAB\R2011a\bin\win64\profiler.dll
0x0000000079f40000 - 0x0000000079f6c000 	C:\Program Files\MATLAB\R2011a\bin\win64\libmwmathrng.dll
0x000000006ac90000 - 0x000000006acb0000 	C:\Program Files\MATLAB\R2011a\bin\win64\m_pcodeio.dll
0x0000000079b10000 - 0x0000000079b71000 	C:\Program Files\MATLAB\R2011a\bin\win64\m_ir.dll
0x00000000696c0000 - 0x0000000069cfb000 	C:\Program Files\MATLAB\R2011a\bin\win64\m_parser.dll
0x00000000696a0000 - 0x00000000696b9000 	C:\Program Files\MATLAB\R2011a\bin\win64\ir_xfmr.dll
0x0000000068ca0000 - 0x0000000068eeb000 	C:\Program Files\MATLAB\R2011a\bin\win64\mcos.dll
0x0000000074f80000 - 0x0000000074f8c000 	C:\Program Files\MATLAB\R2011a\bin\win64\mtok.dll
0x0000000068c70000 - 0x0000000068c9b000 	C:\Program Files\MATLAB\R2011a\bin\win64\m_pcodegen.dll
0x0000000076160000 - 0x00000000761c2000 	C:\Program Files\MATLAB\R2011a\bin\win64\libmwspmatrix.dll
0x0000000079fb0000 - 0x0000000079fde000 	C:\Program Files\MATLAB\R2011a\bin\win64\libmwbridge.dll
0x0000000068bb0000 - 0x0000000068c69000 	C:\Program Files\MATLAB\R2011a\bin\win64\udd.dll
0x0000000068a60000 - 0x0000000068ba1000 	C:\Program Files\MATLAB\R2011a\bin\win64\libmwgui.dll
0x0000000068a10000 - 0x0000000068a27000 	C:\Program Files\MATLAB\R2011a\bin\win64\graphics_util.dll
0x0000000065dc0000 - 0x0000000066640000 	C:\Program Files\MATLAB\R2011a\bin\win64\hg.dll
0x0000000076100000 - 0x000000007614f000 	C:\Program Files\MATLAB\R2011a\bin\win64\libmat.dll
0x0000000072d30000 - 0x0000000072f33000 	C:\Program Files\MATLAB\R2011a\bin\win64\libhdf5.dll
0x0000000067270000 - 0x00000000672eb000 	C:\Program Files\MATLAB\R2011a\bin\win64\jmi.dll
0x0000000001a90000 - 0x0000000001a9e000 	C:\Program Files\MATLAB\R2011a\bin\win64\nativejava_services.dll
0x00000000673c0000 - 0x00000000673fc000 	C:\Program Files\MATLAB\R2011a\bin\win64\libmwhardcopy.dll
0x0000000067360000 - 0x00000000673b8000 	C:\Program Files\MATLAB\R2011a\bin\win64\libuij.dll
0x0000000067080000 - 0x0000000067263000 	C:\Program Files\MATLAB\R2011a\bin\win64\hgdatatypes.dll
0x0000000066fc0000 - 0x000000006707c000 	C:\Program Files\MATLAB\R2011a\bin\win64\hgutils.dll
0x0000000066f40000 - 0x0000000066fbc000 	C:\Program Files\MATLAB\R2011a\bin\win64\libmwlapack.dll
0x00000000682c0000 - 0x00000000682d2000 	C:\Program Files\MATLAB\R2011a\bin\win64\libmwbinder.dll
0x000000006ac80000 - 0x000000006ac8b000 	C:\Program Files\MATLAB\R2011a\bin\win64\libmwompwrapper.dll
0x0000000001b20000 - 0x0000000001de4000 	C:\Program Files\MATLAB\R2011a\bin\win64\uiw.dll
0x000000006aaa0000 - 0x000000006aaaa000 	C:\Program Files\MATLAB\R2011a\bin\win64\uinone.dll
0x00000000669d0000 - 0x0000000066eb4000 	C:\Windows\WinSxS\amd64_microsoft.vc90.mfc_1fc8b3b9a1e18e3b_9.0.30729.6161_none_044aad0bab1eb146\mfc90.dll
0x000007fef7fc0000 - 0x000007fef7fc7000 	C:\Windows\system32\MSIMG32.dll
0x000007fef8a00000 - 0x000007fef8a70000 	C:\Windows\system32\WINSPOOL.DRV
0x0000000066920000 - 0x00000000669c9000 	C:\Program Files\MATLAB\R2011a\bin\win64\udd_mi.dll
0x00000000682a0000 - 0x00000000682bb000 	C:\Program Files\MATLAB\R2011a\bin\win64\mwoles05.DLL
0x00000000668b0000 - 0x000000006691e000 	C:\Program Files\MATLAB\R2011a\bin\win64\comcli.dll
0x0000000066f10000 - 0x0000000066f3f000 	C:\Windows\WinSxS\amd64_microsoft.vc90.atl_1fc8b3b9a1e18e3b_9.0.30729.6161_none_0a1fd3a3a768b895\ATL90.DLL
0x0000000069690000 - 0x000000006969c000 	C:\Program Files\MATLAB\R2011a\bin\win64\mlautoregister.dll
0x0000000001e50000 - 0x0000000001e5d000 	C:\Program Files\MATLAB\R2011a\bin\win64\boost_iostreams-vc90-mt-1_40.dll
0x000007fefda80000 - 0x000007fefdaae000 	C:\Windows\system32\IMM32.DLL
0x000007feff1b0000 - 0x000007feff2b9000 	C:\Windows\system32\MSCTF.dll
0x000007fefbde0000 - 0x000007fefbe36000 	C:\Windows\system32\UxTheme.dll
0x000007fefb8b0000 - 0x000007fefb8c8000 	C:\Windows\system32\dwmapi.dll
0x0000000068a50000 - 0x0000000068a5d000 	C:\Windows\WinSxS\amd64_microsoft.vc90.mfcloc_1fc8b3b9a1e18e3b_9.0.30729.6161_none_01c9581e60cbee58\MFC90ENU.DLL
0x000007fefd4f0000 - 0x000007fefd4ff000 	C:\Windows\system32\profapi.dll
0x000007fefd420000 - 0x000007fefd42f000 	C:\Windows\system32\CRYPTBASE.dll
0x000007fefbfd0000 - 0x000007fefc1c4000 	C:\Windows\WinSxS\amd64_microsoft.windows.common-controls_6595b64144ccf1df_6.0.7600.16661_none_fa62ad231704eab7\comctl32.dll
0x000007fefeee0000 - 0x000007feff0b7000 	C:\Windows\system32\SETUPAPI.dll
0x000007fefd5c0000 - 0x000007fefd5f6000 	C:\Windows\system32\CFGMGR32.dll
0x000007fefd5a0000 - 0x000007fefd5ba000 	C:\Windows\system32\DEVOBJ.dll
0x000007fefedc0000 - 0x000007fefee59000 	C:\Windows\system32\CLBCatQ.DLL
0x000007fefbe40000 - 0x000007fefbf6c000 	C:\Windows\system32\propsys.dll
0x000007fefb640000 - 0x000007fefb66d000 	C:\Windows\system32\ntmarta.dll
0x000007fefda30000 - 0x000007fefda80000 	C:\Windows\system32\WLDAP32.dll
0x0000000003cf0000 - 0x0000000003d19000 	C:\Program Files\MATLAB\R2011a\bin\win64\tbbmalloc.dll
0x000007fefa8e0000 - 0x000007fefa907000 	C:\Windows\system32\iphlpapi.dll
0x000007fefad40000 - 0x000007fefad4b000 	C:\Windows\system32\WINNSI.DLL
0x000007fefcbe0000 - 0x000007fefcc3b000 	C:\Windows\system32\DNSAPI.dll
0x000007fefa690000 - 0x000007fefa6a8000 	C:\Windows\system32\dhcpcsvc.DLL
0x000007fefa670000 - 0x000007fefa681000 	C:\Windows\system32\dhcpcsvc6.DLL
0x0000000068290000 - 0x0000000068293000 	C:\Windows\system32\icmp.Dll
0x0000000078870000 - 0x0000000078ecd000 	C:\Program Files\MATLAB\R2011a\sys\java\jre\win64\jre\bin\server\jvm.dll
0x000007fefb480000 - 0x000007fefb4bb000 	C:\Windows\system32\WINMM.dll
0x000000007a440000 - 0x000000007a44e000 	C:\Program Files\MATLAB\R2011a\sys\java\jre\win64\jre\bin\verify.dll
0x000000007a070000 - 0x000000007a097000 	C:\Program Files\MATLAB\R2011a\sys\java\jre\win64\jre\bin\java.dll
0x000000007a540000 - 0x000000007a54a000 	C:\Program Files\MATLAB\R2011a\sys\java\jre\win64\jre\bin\hpi.dll
0x000000007a370000 - 0x000000007a382000 	C:\Program Files\MATLAB\R2011a\sys\java\jre\win64\jre\bin\zip.dll
0x0000000075b90000 - 0x0000000075bfb000 	C:\Program Files\MATLAB\R2011a\sys\java\jre\win64\jre\bin\fontmanager.dll
0x0000000073150000 - 0x0000000073311000 	C:\Program Files\MATLAB\R2011a\sys\java\jre\win64\jre\bin\awt.dll
0x0000000079cf0000 - 0x0000000079d36000 	C:\Program Files\MATLAB\R2011a\bin\win64\nativejmi.dll
0x000000007a600000 - 0x000000007a608000 	C:\Program Files\MATLAB\R2011a\bin\win64\nativeservices.dll

VM Arguments:
jvm_args: -Xss512k -XX:PermSize=32m -Xms64m -XX:NewRatio=3 -XX:MaxPermSize=128m -Xmx196m -XX:MaxDirectMemorySize=2147400000 -Dsun.java2d.noddraw=true -Dsun.awt.nopixfmt=true -Xshare:off -Xrs -Dsun.awt.disableMixing=true -Djava.library.path=C:\Program Files\MATLAB\R2011a\bin\win64 vfprintf abort 
java_command: <unknown>
Launcher Type: generic

Environment Variables:
CLASSPATH=.;C:\Program Files (x86)\QuickTime\QTSystem\QTJava.zip
PATH=C:\MATLAB701\bin\win32;C:\Program Files (x86)\MiKTeX 2.9\miktex\bin;C:\Windows\system32;C:\Windows;C:\Windows\system32\wbem;C:\Windows\system32\windowspowershell\v1.0\;c:\program files (x86)\common files\lenovo;c:\program files (x86)\common files\ulead systems\mpeg;c:\program files (x86)\lenovo\access connections\;C:\Program Files\MATLAB\R2011a\runtime\win64;C:\Program Files\MATLAB\R2011a\bin;C:\Program Files\MATLAB\R2009b\runtime\win64;C:\Program Files\MATLAB\R2009b\bin;c:\matlab701\bin\win32;C:\Program Files (x86)\IVI Foundation\IVI\bin;C:\Program Files\IVI Foundation\IVI\bin;C:\Program Files\IVI Foundation\VISA\Win64\Bin\;C:\Program Files (x86)\IVI Foundation\VISA\WinNT\Bin\;C:\PROGRA~2\IVIFOU~1\VISA\WinNT\Bin;C:\Program Files (x86)\IVI Foundation\VISA\WinNT\Bin;C:\Program Files (x86)\QuickTime\QTSystem\
USERNAME=Tze-Yuan Cheng
OS=Windows_NT
PROCESSOR_IDENTIFIER=Intel64 Family 6 Model 37 Stepping 5, GenuineIntel



---------------  S Y S T E M  ---------------

OS: Windows 7 Build 7600 

CPU:total 4 (8 cores per cpu, 2 threads per core) family 6 model 37 stepping 5, cmov, cx8, fxsr, mmx, sse, sse2, sse3, ssse3, sse4.1, sse4.2, ht

Memory: 4k page, physical 3985072k(1645920k free), swap 7968244k(4997824k free)

vm_info: Java HotSpot(TM) 64-Bit Server VM (14.3-b01) for windows-amd64 JRE (1.6.0_17-b04), built on Oct 11 2009 00:46:08 by "java_re" with MS VC++ 8.0

time: Sun Sep 18 13:40:21 2011
elapsed time: 6954 seconds

