#
# A fatal error has been detected by the Java Runtime Environment:
#
#  Internal Error (os_windows_x86.cpp:114), pid=7280, tid=7284
#  Error: guarantee(result == -1,"Unexpected result from topLevelExceptionFilter")
#
# JRE version: 6.0_17-b04
# Java VM: Java HotSpot(TM) 64-Bit Server VM (14.3-b01 mixed mode windows-amd64 )
# If you would like to submit a bug report, please visit:
#   http://java.sun.com/webapps/bugreport/crash.jsp
# The crash happened outside the Java Virtual Machine in native code.
# See problematic frame for where to report the bug.
#

---------------  T H R E A D  ---------------

Current thread (0x00000000020a2800):  JavaThread "main" [_thread_in_native, id=7284, stack(0x0000000000220000,0x0000000001720000)]

Stack: [0x0000000000220000,0x0000000001720000]
[error occurred during error reporting (printing stack bounds), id 0xc0000005]

Java frames: (J=compiled Java code, j=interpreted, Vv=VM code)
j  com.mathworks.jmi.NativeMatlab.ProcessPendingEvents()Z+0
j  com.mathworks.jmi.NativeMatlab.processPendingEvents()Z+8
j  com.mathworks.jmi.Matlab$ProcessPendingEvents.callBooleanMethod(Ljava/lang/Object;)Z+0
j  com.mathworks.util.FactoryUtils.processPendingEvents()Z+12
j  com.mathworks.widgets.desk.Desktop.canClose()Z+38
j  com.mathworks.mde.desk.MLDesktop.canClose()Z+113
j  com.mathworks.mde.desk.MLDesktop$2.call()Ljava/lang/Boolean;+4
j  com.mathworks.mde.desk.MLDesktop$2.call()Ljava/lang/Object;+1
j  com.mathworks.jmi.Matlab.isOkToExit()Z+54
v  ~StubRoutines::call_stub
j  com.mathworks.jmi.NativeMatlab.SendMatlabMessage(Ljava/lang/Object;)Ljava/lang/Object;+0
j  com.mathworks.jmi.NativeMatlab.sendMatlabMessage(Ljava/lang/Object;)Ljava/lang/Object;+22
j  com.mathworks.jmi.MatlabLooper.sendMatlabMessage(Lcom/mathworks/services/message/MWMessage;)Ljava/lang/Object;+20
j  com.mathworks.jmi.Matlab.mtFevalConsoleOutput(Ljava/lang/String;[Ljava/lang/Object;I)Ljava/lang/Object;+58
j  com.mathworks.mde.desk.MLDesktop$8.run()V+14
j  com.mathworks.jmi.NativeMatlab.dispatchMTRequests(Z)V+50
v  ~StubRoutines::call_stub

---------------  P R O C E S S  ---------------

Java Threads: ( => current thread )
  0x0000000038216800 JavaThread "pool-2-thread-1" [_thread_blocked, id=7868, stack(0x0000000006a70000,0x0000000006af0000)]
  0x0000000038214000 JavaThread "Code Analyzer updating thread" [_thread_blocked, id=7516, stack(0x000000003fd90000,0x000000003fe10000)]
  0x0000000038213000 JavaThread "Code Analyzer updating thread" [_thread_blocked, id=7512, stack(0x000000003fc50000,0x000000003fcd0000)]
  0x0000000038212800 JavaThread "Code Analyzer updating thread" [_thread_blocked, id=7508, stack(0x000000003ae20000,0x000000003aea0000)]
  0x000000003751a800 JavaThread "Code Analyzer updating thread" [_thread_blocked, id=7504, stack(0x0000000034080000,0x0000000034100000)]
  0x0000000037519800 JavaThread "Code Analyzer updating thread" [_thread_blocked, id=7500, stack(0x000000003e580000,0x000000003e600000)]
  0x0000000037519000 JavaThread "Code Analyzer updating thread" [_thread_blocked, id=7496, stack(0x000000003e190000,0x000000003e210000)]
  0x0000000037514800 JavaThread "Timer-3" [_thread_blocked, id=7492, stack(0x000000003e500000,0x000000003e580000)]
  0x0000000037518000 JavaThread "Code Analyzer updating thread" [_thread_blocked, id=7480, stack(0x000000003e380000,0x000000003e400000)]
  0x0000000037517800 JavaThread "Active Reference Queue Daemon" daemon [_thread_blocked, id=7468, stack(0x000000003e250000,0x000000003e2d0000)]
  0x0000000037516800 JavaThread "Timer-2" daemon [_thread_blocked, id=7464, stack(0x000000002f190000,0x000000002f210000)]
  0x0000000037516000 JavaThread "Timer queue for AWT thread" daemon [_thread_blocked, id=7460, stack(0x000000003b010000,0x000000003b090000)]
  0x0000000037515800 JavaThread "Timer-1" daemon [_thread_blocked, id=7452, stack(0x000000003d140000,0x000000003d1c0000)]
  0x0000000037513000 JavaThread "FelixPackageAdmin" daemon [_thread_blocked, id=7436, stack(0x000000003af80000,0x000000003b000000)]
  0x00000000379a0000 JavaThread "FelixStartLevel" daemon [_thread_blocked, id=7432, stack(0x000000003aed0000,0x000000003af50000)]
  0x0000000037908800 JavaThread "FelixDispatchQueue" daemon [_thread_blocked, id=7428, stack(0x0000000035660000,0x00000000356e0000)]
  0x0000000037896000 JavaThread "TimerQueue" daemon [_thread_blocked, id=7412, stack(0x0000000033fd0000,0x0000000034050000)]
  0x000000003757f000 JavaThread "AWT-EventQueue-0" [_thread_in_Java, id=7404, stack(0x000000002b000000,0x000000002b080000)]
  0x00000000373b0000 JavaThread "com.google.common.base.internal.Finalizer" daemon [_thread_blocked, id=7400, stack(0x0000000007a70000,0x0000000007af0000)]
  0x00000000373c0800 JavaThread "AWT-Windows" daemon [_thread_in_native, id=7392, stack(0x000000000a7e0000,0x000000000a860000)]
  0x00000000373bf800 JavaThread "AWT-Shutdown" [_thread_blocked, id=7388, stack(0x0000000010ff0000,0x0000000011070000)]
  0x00000000374bb000 JavaThread "Java2D Disposer" daemon [_thread_blocked, id=7384, stack(0x0000000009120000,0x00000000091a0000)]
  0x0000000036d9e800 JavaThread "Timer-0" [_thread_blocked, id=7380, stack(0x0000000004980000,0x0000000004a00000)]
  0x0000000036cbf800 JavaThread "JMI Unnamed Thread" [_thread_in_native, id=7304, stack(0x000000000a890000,0x000000000bd90000)]
  0x000000000fe77000 JavaThread "Low Memory Detector" daemon [_thread_blocked, id=7372, stack(0x000000000a740000,0x000000000a7c0000)]
  0x000000000fe75800 JavaThread "CompilerThread1" daemon [_thread_blocked, id=7368, stack(0x0000000034130000,0x0000000035630000)]
  0x000000000fe24000 JavaThread "CompilerThread0" daemon [_thread_blocked, id=7364, stack(0x0000000032a40000,0x0000000033f40000)]
  0x000000000fe23000 JavaThread "Attach Listener" daemon [_thread_blocked, id=7360, stack(0x000000000a6c0000,0x000000000a740000)]
  0x000000000fe0b800 JavaThread "Finalizer" daemon [_thread_blocked, id=7356, stack(0x0000000009050000,0x00000000090d0000)]
  0x000000000215b800 JavaThread "Reference Handler" daemon [_thread_blocked, id=7352, stack(0x00000000079f0000,0x0000000007a70000)]
=>0x00000000020a2800 JavaThread "main" [_thread_in_native, id=7284, stack(0x0000000000220000,0x0000000001720000)]

Other Threads:
  0x000000000fe02800 VMThread [stack: 0x00000000314c0000,0x00000000329c0000] [id=7348]
  0x000000000fea3000 WatcherThread [stack: 0x00000000356e0000,0x0000000036be0000] [id=7376]

VM state:not at safepoint (normal execution)

VM Mutex/Monitor currently owned by a thread: None

Heap
 PSYoungGen      total 30144K, used 24075K [0x0000000027dd0000, 0x000000002a560000, 0x000000002aed0000)
  eden space 20800K, 85% used [0x0000000027dd0000,0x0000000028f33f08,0x0000000029220000)
  from space 9344K, 67% used [0x0000000029220000,0x000000002983ed30,0x0000000029b40000)
  to   space 9280K, 0% used [0x0000000029c50000,0x0000000029c50000,0x000000002a560000)
 PSOldGen        total 108352K, used 68597K [0x000000001ead0000, 0x00000000254a0000, 0x0000000027dd0000)
  object space 108352K, 63% used [0x000000001ead0000,0x0000000022dcd658,0x00000000254a0000)
 PSPermGen       total 109952K, used 60925K [0x0000000016ad0000, 0x000000001d630000, 0x000000001ead0000)
  object space 109952K, 55% used [0x0000000016ad0000,0x000000001a64f6e0,0x000000001d630000)

Dynamic libraries:
0x000000013f720000 - 0x000000013f749000 	C:\Program Files\MATLAB\R2011a\bin\win64\MATLAB.exe
0x0000000077590000 - 0x000000007773c000 	C:\Windows\SYSTEM32\ntdll.dll
0x0000000077370000 - 0x000000007748f000 	C:\Windows\system32\kernel32.dll
0x000007fefd6e0000 - 0x000007fefd74c000 	C:\Windows\system32\KERNELBASE.dll
0x0000000074460000 - 0x0000000074569000 	C:\Program Files\MATLAB\R2011a\bin\win64\libut.dll
0x00000000758a0000 - 0x0000000075920000 	C:\Program Files\MATLAB\R2011a\bin\win64\libmwi18n.dll
0x0000000180000000 - 0x000000018000b000 	C:\Program Files\MATLAB\R2011a\bin\win64\libmwresource_core.dll
0x000000006aba0000 - 0x000000006ac73000 	C:\Windows\WinSxS\amd64_microsoft.vc90.crt_1fc8b3b9a1e18e3b_9.0.30729.6161_none_08e61857a83bc251\MSVCP90.dll
0x000000006acb0000 - 0x000000006ad53000 	C:\Windows\WinSxS\amd64_microsoft.vc90.crt_1fc8b3b9a1e18e3b_9.0.30729.6161_none_08e61857a83bc251\MSVCR90.dll
0x000000007a3b0000 - 0x000000007a3c0000 	C:\Program Files\MATLAB\R2011a\bin\win64\boost_date_time-vc90-mt-1_40.dll
0x000000007a170000 - 0x000000007a189000 	C:\Program Files\MATLAB\R2011a\bin\win64\boost_filesystem-vc90-mt-1_40.dll
0x000000007a560000 - 0x000000007a569000 	C:\Program Files\MATLAB\R2011a\bin\win64\boost_system-vc90-mt-1_40.dll
0x000000007a2d0000 - 0x000000007a2e2000 	C:\Program Files\MATLAB\R2011a\bin\win64\boost_thread-vc90-mt-1_40.dll
0x000000007a010000 - 0x000000007a035000 	C:\Program Files\MATLAB\R2011a\bin\win64\LIBEXPAT.dll
0x00000000739d0000 - 0x0000000073b8c000 	C:\Program Files\MATLAB\R2011a\bin\win64\icuin42.dll
0x00000000740b0000 - 0x0000000074223000 	C:\Program Files\MATLAB\R2011a\bin\win64\icuuc42.dll
0x000007fefdac0000 - 0x000007fefdb9b000 	C:\Windows\system32\ADVAPI32.dll
0x000007feff6d0000 - 0x000007feff76f000 	C:\Windows\system32\msvcrt.dll
0x000007fefe930000 - 0x000007fefe94f000 	C:\Windows\SYSTEM32\sechost.dll
0x000007feff5a0000 - 0x000007feff6ce000 	C:\Windows\system32\RPCRT4.dll
0x0000000010000000 - 0x0000000010f47000 	C:\Program Files\MATLAB\R2011a\bin\win64\icudt42.dll
0x0000000073f70000 - 0x000000007407d000 	C:\Program Files\MATLAB\R2011a\bin\win64\libmwfl.dll
0x0000000000170000 - 0x0000000000203000 	C:\Program Files\MATLAB\R2011a\bin\win64\libmwMATLAB_res.dll
0x000000007a250000 - 0x000000007a263000 	C:\Program Files\MATLAB\R2011a\bin\win64\boost_signals-vc90-mt-1_40.dll
0x0000000001730000 - 0x0000000001776000 	C:\Program Files\MATLAB\R2011a\bin\win64\tbb.dll
0x000007feff330000 - 0x000007feff347000 	C:\Windows\system32\imagehlp.dll
0x0000000077750000 - 0x0000000077757000 	C:\Windows\system32\PSAPI.DLL
0x000000007a3d0000 - 0x000000007a3e3000 	C:\Program Files\MATLAB\R2011a\bin\win64\icuio42.dll
0x000007fef1290000 - 0x000007fef13b5000 	C:\Windows\system32\dbghelp.dll
0x0000000077490000 - 0x000000007758a000 	C:\Windows\system32\USER32.dll
0x000007feff2c0000 - 0x000007feff327000 	C:\Windows\system32\GDI32.dll
0x000007fefdab0000 - 0x000007fefdabe000 	C:\Windows\system32\LPK.dll
0x000007feff4d0000 - 0x000007feff59a000 	C:\Windows\system32\USP10.dll
0x000000007bed0000 - 0x000000007c0f5000 	C:\Program Files\MATLAB\R2011a\bin\win64\libmwservices.dll
0x0000000075a20000 - 0x0000000075ab2000 	C:\Program Files\MATLAB\R2011a\bin\win64\libmx.dll
0x000000007a210000 - 0x000000007a226000 	C:\Program Files\MATLAB\R2011a\bin\win64\zlib1.dll
0x0000000074330000 - 0x000000007444b000 	C:\Program Files\MATLAB\R2011a\bin\win64\libmwmathutil.dll
0x000000006ab40000 - 0x000000006ab94000 	C:\Program Files\MATLAB\R2011a\bin\win64\mpath.dll
0x000000007b680000 - 0x000000007b982000 	C:\Program Files\MATLAB\R2011a\bin\win64\mlutil.dll
0x000000006aab0000 - 0x000000006ab32000 	C:\Program Files\MATLAB\R2011a\bin\win64\xmlcore.dll
0x000000007bc30000 - 0x000000007be83000 	C:\Program Files\MATLAB\R2011a\bin\win64\xerces-c_2_7.dll
0x000007fefd960000 - 0x000007fefd9ad000 	C:\Windows\system32\WS2_32.dll
0x000007feff1a0000 - 0x000007feff1a8000 	C:\Windows\system32\NSI.dll
0x000007fefdba0000 - 0x000007fefe926000 	C:\Windows\system32\SHELL32.dll
0x000007fefee60000 - 0x000007fefeed1000 	C:\Windows\system32\SHLWAPI.dll
0x000007fef6b60000 - 0x000007fef6c00000 	C:\Windows\WinSxS\amd64_microsoft.windows.common-controls_6595b64144ccf1df_5.82.7600.16661_none_a44e1fc257f685f6\COMCTL32.dll
0x000007fefd8c0000 - 0x000007fefd958000 	C:\Windows\system32\COMDLG32.dll
0x000007fefaef0000 - 0x000007fefaf06000 	C:\Windows\system32\NETAPI32.dll
0x000007fefaee0000 - 0x000007fefaeec000 	C:\Windows\system32\netutils.dll
0x000007fefd290000 - 0x000007fefd2b3000 	C:\Windows\system32\srvcli.dll
0x000007fefaec0000 - 0x000007fefaed5000 	C:\Windows\system32\wkscli.dll
0x000007fefe950000 - 0x000007fefeb52000 	C:\Windows\system32\ole32.dll
0x000007feff0c0000 - 0x000007feff197000 	C:\Windows\system32\OLEAUT32.dll
0x0000000074970000 - 0x0000000074a34000 	C:\Program Files\MATLAB\R2011a\bin\win64\mcr.dll
0x0000000075000000 - 0x00000000750e4000 	C:\Program Files\MATLAB\R2011a\bin\win64\iqm.dll
0x0000000068f10000 - 0x00000000696ac000 	C:\Program Files\MATLAB\R2011a\bin\win64\m_interpreter.dll
0x000000006af80000 - 0x000000006af8f000 	C:\Program Files\MATLAB\R2011a\bin\win64\libmex.dll
0x0000000069da0000 - 0x0000000069e44000 	C:\Program Files\MATLAB\R2011a\bin\win64\m_dispatcher.dll
0x0000000074880000 - 0x0000000074945000 	C:\Program Files\MATLAB\R2011a\bin\win64\boost_regex-vc90-mt-1_40.dll
0x0000000069d20000 - 0x0000000069d9f000 	C:\Program Files\MATLAB\R2011a\bin\win64\profiler.dll
0x0000000079f40000 - 0x0000000079f6c000 	C:\Program Files\MATLAB\R2011a\bin\win64\libmwmathrng.dll
0x000000006ac90000 - 0x000000006acb0000 	C:\Program Files\MATLAB\R2011a\bin\win64\m_pcodeio.dll
0x0000000079b10000 - 0x0000000079b71000 	C:\Program Files\MATLAB\R2011a\bin\win64\m_ir.dll
0x00000000696e0000 - 0x0000000069d1b000 	C:\Program Files\MATLAB\R2011a\bin\win64\m_parser.dll
0x000000006a000000 - 0x000000006a019000 	C:\Program Files\MATLAB\R2011a\bin\win64\ir_xfmr.dll
0x0000000068cc0000 - 0x0000000068f0b000 	C:\Program Files\MATLAB\R2011a\bin\win64\mcos.dll
0x0000000074f80000 - 0x0000000074f8c000 	C:\Program Files\MATLAB\R2011a\bin\win64\mtok.dll
0x00000000696b0000 - 0x00000000696db000 	C:\Program Files\MATLAB\R2011a\bin\win64\m_pcodegen.dll
0x0000000076160000 - 0x00000000761c2000 	C:\Program Files\MATLAB\R2011a\bin\win64\libmwspmatrix.dll
0x0000000079fb0000 - 0x0000000079fde000 	C:\Program Files\MATLAB\R2011a\bin\win64\libmwbridge.dll
0x0000000068b40000 - 0x0000000068bf9000 	C:\Program Files\MATLAB\R2011a\bin\win64\udd.dll
0x00000000671a0000 - 0x00000000672e1000 	C:\Program Files\MATLAB\R2011a\bin\win64\libmwgui.dll
0x0000000068ca0000 - 0x0000000068cb7000 	C:\Program Files\MATLAB\R2011a\bin\win64\graphics_util.dll
0x0000000060c20000 - 0x00000000614a0000 	C:\Program Files\MATLAB\R2011a\bin\win64\hg.dll
0x0000000076100000 - 0x000000007614f000 	C:\Program Files\MATLAB\R2011a\bin\win64\libmat.dll
0x0000000072d30000 - 0x0000000072f33000 	C:\Program Files\MATLAB\R2011a\bin\win64\libhdf5.dll
0x0000000068c20000 - 0x0000000068c9b000 	C:\Program Files\MATLAB\R2011a\bin\win64\jmi.dll
0x0000000001a90000 - 0x0000000001a9e000 	C:\Program Files\MATLAB\R2011a\bin\win64\nativejava_services.dll
0x0000000068b00000 - 0x0000000068b3c000 	C:\Program Files\MATLAB\R2011a\bin\win64\libmwhardcopy.dll
0x0000000068aa0000 - 0x0000000068af8000 	C:\Program Files\MATLAB\R2011a\bin\win64\libuij.dll
0x0000000066fb0000 - 0x0000000067193000 	C:\Program Files\MATLAB\R2011a\bin\win64\hgdatatypes.dll
0x0000000067340000 - 0x00000000673fc000 	C:\Program Files\MATLAB\R2011a\bin\win64\hgutils.dll
0x0000000066f30000 - 0x0000000066fac000 	C:\Program Files\MATLAB\R2011a\bin\win64\libmwlapack.dll
0x0000000068c00000 - 0x0000000068c12000 	C:\Program Files\MATLAB\R2011a\bin\win64\libmwbinder.dll
0x000000006ac80000 - 0x000000006ac8b000 	C:\Program Files\MATLAB\R2011a\bin\win64\libmwompwrapper.dll
0x0000000001b20000 - 0x0000000001de4000 	C:\Program Files\MATLAB\R2011a\bin\win64\uiw.dll
0x000000006aaa0000 - 0x000000006aaaa000 	C:\Program Files\MATLAB\R2011a\bin\win64\uinone.dll
0x0000000066180000 - 0x0000000066664000 	C:\Windows\WinSxS\amd64_microsoft.vc90.mfc_1fc8b3b9a1e18e3b_9.0.30729.6161_none_044aad0bab1eb146\mfc90.dll
0x000007fef7fc0000 - 0x000007fef7fc7000 	C:\Windows\system32\MSIMG32.dll
0x000007fef8a00000 - 0x000007fef8a70000 	C:\Windows\system32\WINSPOOL.DRV
0x0000000066e10000 - 0x0000000066eb9000 	C:\Program Files\MATLAB\R2011a\bin\win64\udd_mi.dll
0x0000000068a80000 - 0x0000000068a9b000 	C:\Program Files\MATLAB\R2011a\bin\win64\mwoles05.DLL
0x0000000066da0000 - 0x0000000066e0e000 	C:\Program Files\MATLAB\R2011a\bin\win64\comcli.dll
0x0000000068a50000 - 0x0000000068a7f000 	C:\Windows\WinSxS\amd64_microsoft.vc90.atl_1fc8b3b9a1e18e3b_9.0.30729.6161_none_0a1fd3a3a768b895\ATL90.DLL
0x0000000069fd0000 - 0x0000000069fdc000 	C:\Program Files\MATLAB\R2011a\bin\win64\mlautoregister.dll
0x0000000001e50000 - 0x0000000001e5d000 	C:\Program Files\MATLAB\R2011a\bin\win64\boost_iostreams-vc90-mt-1_40.dll
0x000007fefda80000 - 0x000007fefdaae000 	C:\Windows\system32\IMM32.DLL
0x000007feff1b0000 - 0x000007feff2b9000 	C:\Windows\system32\MSCTF.dll
0x000007fefbde0000 - 0x000007fefbe36000 	C:\Windows\system32\UxTheme.dll
0x000007fefb8b0000 - 0x000007fefb8c8000 	C:\Windows\system32\dwmapi.dll
0x0000000068a20000 - 0x0000000068a2d000 	C:\Windows\WinSxS\amd64_microsoft.vc90.mfcloc_1fc8b3b9a1e18e3b_9.0.30729.6161_none_01c9581e60cbee58\MFC90ENU.DLL
0x000007fefd4f0000 - 0x000007fefd4ff000 	C:\Windows\system32\profapi.dll
0x000007fefd420000 - 0x000007fefd42f000 	C:\Windows\system32\CRYPTBASE.dll
0x000007fefbfd0000 - 0x000007fefc1c4000 	C:\Windows\WinSxS\amd64_microsoft.windows.common-controls_6595b64144ccf1df_6.0.7600.16661_none_fa62ad231704eab7\comctl32.dll
0x000007fefeee0000 - 0x000007feff0b7000 	C:\Windows\system32\SETUPAPI.dll
0x000007fefd5c0000 - 0x000007fefd5f6000 	C:\Windows\system32\CFGMGR32.dll
0x000007fefd5a0000 - 0x000007fefd5ba000 	C:\Windows\system32\DEVOBJ.dll
0x000007fefedc0000 - 0x000007fefee59000 	C:\Windows\system32\CLBCatQ.DLL
0x000007fefbe40000 - 0x000007fefbf6c000 	C:\Windows\system32\propsys.dll
0x000007fefb640000 - 0x000007fefb66d000 	C:\Windows\system32\ntmarta.dll
0x000007fefda30000 - 0x000007fefda80000 	C:\Windows\system32\WLDAP32.dll
0x0000000002210000 - 0x0000000002239000 	C:\Program Files\MATLAB\R2011a\bin\win64\tbbmalloc.dll
0x000007fefa8e0000 - 0x000007fefa907000 	C:\Windows\system32\iphlpapi.dll
0x000007fefad40000 - 0x000007fefad4b000 	C:\Windows\system32\WINNSI.DLL
0x000007fefcbe0000 - 0x000007fefcc3b000 	C:\Windows\system32\DNSAPI.dll
0x000007fefa690000 - 0x000007fefa6a8000 	C:\Windows\system32\dhcpcsvc.DLL
0x000007fefa670000 - 0x000007fefa681000 	C:\Windows\system32\dhcpcsvc6.DLL
0x0000000068a10000 - 0x0000000068a13000 	C:\Windows\system32\icmp.Dll
0x0000000078870000 - 0x0000000078ecd000 	C:\Program Files\MATLAB\R2011a\sys\java\jre\win64\jre\bin\server\jvm.dll
0x000007fefb480000 - 0x000007fefb4bb000 	C:\Windows\system32\WINMM.dll
0x000000007a440000 - 0x000000007a44e000 	C:\Program Files\MATLAB\R2011a\sys\java\jre\win64\jre\bin\verify.dll
0x000000007a070000 - 0x000000007a097000 	C:\Program Files\MATLAB\R2011a\sys\java\jre\win64\jre\bin\java.dll
0x000000007a540000 - 0x000000007a54a000 	C:\Program Files\MATLAB\R2011a\sys\java\jre\win64\jre\bin\hpi.dll
0x000000007a370000 - 0x000000007a382000 	C:\Program Files\MATLAB\R2011a\sys\java\jre\win64\jre\bin\zip.dll
0x0000000075b90000 - 0x0000000075bfb000 	C:\Program Files\MATLAB\R2011a\sys\java\jre\win64\jre\bin\fontmanager.dll
0x0000000073150000 - 0x0000000073311000 	C:\Program Files\MATLAB\R2011a\sys\java\jre\win64\jre\bin\awt.dll
0x0000000079cf0000 - 0x0000000079d36000 	C:\Program Files\MATLAB\R2011a\bin\win64\nativejmi.dll
0x000000007a600000 - 0x000000007a608000 	C:\Program Files\MATLAB\R2011a\bin\win64\nativeservices.dll

VM Arguments:
jvm_args: -Xss512k -XX:PermSize=32m -Xms64m -XX:NewRatio=3 -XX:MaxPermSize=128m -Xmx196m -XX:MaxDirectMemorySize=2147400000 -Dsun.java2d.noddraw=true -Dsun.awt.nopixfmt=true -Xshare:off -Xrs -Dsun.awt.disableMixing=true -Djava.library.path=C:\Program Files\MATLAB\R2011a\bin\win64 vfprintf abort 
java_command: <unknown>
Launcher Type: generic

Environment Variables:
CLASSPATH=.;C:\Program Files (x86)\QuickTime\QTSystem\QTJava.zip
PATH=C:\MATLAB701\bin\win32;C:\Program Files (x86)\MiKTeX 2.9\miktex\bin;C:\Windows\system32;C:\Windows;C:\Windows\system32\wbem;C:\Windows\system32\windowspowershell\v1.0\;c:\program files (x86)\common files\lenovo;c:\program files (x86)\common files\ulead systems\mpeg;c:\program files (x86)\lenovo\access connections\;C:\Program Files\MATLAB\R2011a\runtime\win64;C:\Program Files\MATLAB\R2011a\bin;C:\Program Files\MATLAB\R2009b\runtime\win64;C:\Program Files\MATLAB\R2009b\bin;c:\matlab701\bin\win32;C:\Program Files (x86)\IVI Foundation\IVI\bin;C:\Program Files\IVI Foundation\IVI\bin;C:\Program Files\IVI Foundation\VISA\Win64\Bin\;C:\Program Files (x86)\IVI Foundation\VISA\WinNT\Bin\;C:\PROGRA~2\IVIFOU~1\VISA\WinNT\Bin;C:\Program Files (x86)\IVI Foundation\VISA\WinNT\Bin;C:\Program Files (x86)\QuickTime\QTSystem\
USERNAME=Tze-Yuan Cheng
OS=Windows_NT
PROCESSOR_IDENTIFIER=Intel64 Family 6 Model 37 Stepping 5, GenuineIntel



---------------  S Y S T E M  ---------------

OS: Windows 7 Build 7600 

CPU:total 4 (8 cores per cpu, 2 threads per core) family 6 model 37 stepping 5, cmov, cx8, fxsr, mmx, sse, sse2, sse3, ssse3, sse4.1, sse4.2, ht

Memory: 4k page, physical 3985072k(1754468k free), swap 7968244k(5048180k free)

vm_info: Java HotSpot(TM) 64-Bit Server VM (14.3-b01) for windows-amd64 JRE (1.6.0_17-b04), built on Oct 11 2009 00:46:08 by "java_re" with MS VC++ 8.0

time: Sun Sep 18 13:47:35 2011
elapsed time: 426 seconds

